{"C:\\projects\\nodejs\\volcry\\tests\\index.spec.ts":{"path":"C:\\projects\\nodejs\\volcry\\tests\\index.spec.ts","statementMap":{"0":{"start":{"line":2,"column":0},"end":{"line":2,"column":62}},"1":{"start":{"line":3,"column":14},"end":{"line":3,"column":42}},"2":{"start":{"line":4,"column":14},"end":{"line":4,"column":37}},"3":{"start":{"line":5,"column":18},"end":{"line":5,"column":41}},"4":{"start":{"line":6,"column":0},"end":{"line":58,"column":3}},"5":{"start":{"line":8,"column":17},"end":{"line":8,"column":50}},"6":{"start":{"line":9,"column":4},"end":{"line":9,"column":25}},"7":{"start":{"line":11,"column":22},"end":{"line":11,"column":34}},"8":{"start":{"line":12,"column":31},"end":{"line":12,"column":42}},"9":{"start":{"line":13,"column":4},"end":{"line":14,"column":7}},"10":{"start":{"line":15,"column":4},"end":{"line":17,"column":7}},"11":{"start":{"line":16,"column":8},"end":{"line":16,"column":47}},"12":{"start":{"line":18,"column":4},"end":{"line":20,"column":7}},"13":{"start":{"line":19,"column":8},"end":{"line":19,"column":52}},"14":{"start":{"line":21,"column":4},"end":{"line":23,"column":7}},"15":{"start":{"line":22,"column":8},"end":{"line":22,"column":51}},"16":{"start":{"line":24,"column":4},"end":{"line":26,"column":7}},"17":{"start":{"line":25,"column":8},"end":{"line":25,"column":60}},"18":{"start":{"line":27,"column":4},"end":{"line":33,"column":7}},"19":{"start":{"line":28,"column":8},"end":{"line":32,"column":11}},"20":{"start":{"line":30,"column":12},"end":{"line":30,"column":47}},"21":{"start":{"line":31,"column":12},"end":{"line":31,"column":26}},"22":{"start":{"line":34,"column":4},"end":{"line":36,"column":7}},"23":{"start":{"line":35,"column":8},"end":{"line":35,"column":69}},"24":{"start":{"line":37,"column":4},"end":{"line":39,"column":7}},"25":{"start":{"line":38,"column":8},"end":{"line":38,"column":71}},"26":{"start":{"line":40,"column":4},"end":{"line":42,"column":7}},"27":{"start":{"line":41,"column":8},"end":{"line":41,"column":60}},"28":{"start":{"line":43,"column":4},"end":{"line":45,"column":7}},"29":{"start":{"line":44,"column":8},"end":{"line":44,"column":64}},"30":{"start":{"line":46,"column":4},"end":{"line":48,"column":7}},"31":{"start":{"line":47,"column":8},"end":{"line":47,"column":51}},"32":{"start":{"line":49,"column":4},"end":{"line":51,"column":7}},"33":{"start":{"line":50,"column":8},"end":{"line":50,"column":55}},"34":{"start":{"line":52,"column":4},"end":{"line":54,"column":7}},"35":{"start":{"line":53,"column":8},"end":{"line":53,"column":56}},"36":{"start":{"line":55,"column":4},"end":{"line":57,"column":7}},"37":{"start":{"line":56,"column":8},"end":{"line":56,"column":55}}},"fnMap":{"0":{"name":"(anonymous_0)","decl":{"start":{"line":6,"column":22},"end":{"line":6,"column":23}},"loc":{"start":{"line":6,"column":28},"end":{"line":58,"column":1}},"line":6},"1":{"name":"(anonymous_1)","decl":{"start":{"line":13,"column":15},"end":{"line":13,"column":16}},"loc":{"start":{"line":13,"column":21},"end":{"line":14,"column":5}},"line":13},"2":{"name":"(anonymous_2)","decl":{"start":{"line":15,"column":25},"end":{"line":15,"column":26}},"loc":{"start":{"line":15,"column":35},"end":{"line":17,"column":5}},"line":15},"3":{"name":"(anonymous_3)","decl":{"start":{"line":18,"column":27},"end":{"line":18,"column":28}},"loc":{"start":{"line":18,"column":37},"end":{"line":20,"column":5}},"line":18},"4":{"name":"(anonymous_4)","decl":{"start":{"line":21,"column":32},"end":{"line":21,"column":33}},"loc":{"start":{"line":21,"column":42},"end":{"line":23,"column":5}},"line":21},"5":{"name":"(anonymous_5)","decl":{"start":{"line":24,"column":30},"end":{"line":24,"column":31}},"loc":{"start":{"line":24,"column":40},"end":{"line":26,"column":5}},"line":24},"6":{"name":"(anonymous_6)","decl":{"start":{"line":27,"column":16},"end":{"line":27,"column":17}},"loc":{"start":{"line":27,"column":26},"end":{"line":33,"column":5}},"line":27},"7":{"name":"(anonymous_7)","decl":{"start":{"line":29,"column":17},"end":{"line":29,"column":18}},"loc":{"start":{"line":29,"column":26},"end":{"line":32,"column":9}},"line":29},"8":{"name":"(anonymous_8)","decl":{"start":{"line":34,"column":25},"end":{"line":34,"column":26}},"loc":{"start":{"line":34,"column":35},"end":{"line":36,"column":5}},"line":34},"9":{"name":"(anonymous_9)","decl":{"start":{"line":37,"column":29},"end":{"line":37,"column":30}},"loc":{"start":{"line":37,"column":39},"end":{"line":39,"column":5}},"line":37},"10":{"name":"(anonymous_10)","decl":{"start":{"line":40,"column":24},"end":{"line":40,"column":25}},"loc":{"start":{"line":40,"column":34},"end":{"line":42,"column":5}},"line":40},"11":{"name":"(anonymous_11)","decl":{"start":{"line":43,"column":20},"end":{"line":43,"column":21}},"loc":{"start":{"line":43,"column":30},"end":{"line":45,"column":5}},"line":43},"12":{"name":"(anonymous_12)","decl":{"start":{"line":46,"column":15},"end":{"line":46,"column":16}},"loc":{"start":{"line":46,"column":25},"end":{"line":48,"column":5}},"line":46},"13":{"name":"(anonymous_13)","decl":{"start":{"line":49,"column":24},"end":{"line":49,"column":25}},"loc":{"start":{"line":49,"column":34},"end":{"line":51,"column":5}},"line":49},"14":{"name":"(anonymous_14)","decl":{"start":{"line":52,"column":20},"end":{"line":52,"column":21}},"loc":{"start":{"line":52,"column":30},"end":{"line":54,"column":5}},"line":52},"15":{"name":"(anonymous_15)","decl":{"start":{"line":55,"column":19},"end":{"line":55,"column":20}},"loc":{"start":{"line":55,"column":29},"end":{"line":57,"column":5}},"line":55}},"branchMap":{},"s":{"0":1,"1":1,"2":1,"3":1,"4":1,"5":1,"6":1,"7":1,"8":1,"9":1,"10":1,"11":1,"12":1,"13":1,"14":1,"15":1,"16":1,"17":1,"18":1,"19":1,"20":1,"21":1,"22":1,"23":1,"24":1,"25":1,"26":1,"27":1,"28":1,"29":1,"30":1,"31":1,"32":1,"33":1,"34":1,"35":1,"36":1,"37":1},"f":{"0":1,"1":13,"2":1,"3":1,"4":1,"5":1,"6":1,"7":1,"8":1,"9":1,"10":1,"11":1,"12":1,"13":1,"14":1,"15":1},"b":{},"inputSourceMap":{"version":3,"file":"C:/projects/nodejs/volcry/tests/index.spec.ts","sources":["C:/projects/nodejs/volcry/tests/index.spec.ts"],"names":[],"mappings":";;AAAA,IAAI,OAAO,GAAG,OAAO,CAAC,mBAAmB,CAAC,CAAC;AAC3C,sCAAsC;AAEtC,IAAI,WAAW,GAAG,OAAO,CAAC,cAAc,CAAC,CAAC;AAK1C,QAAQ,CAAC,WAAW,EAAE,GAAE,EAAE;IAEtB,IAAI,GAAiB,CAAA;IACrB,IAAI,MAAM,GAAG,IAAI,YAAM,CAAC,IAAI,EAAE,SAAS,CAAC,CAAA;IACxC,GAAG,GAAG,MAAM,CAAC,KAAK,EAAE,CAAA;IACpB,iCAAiC;IACjC,IAAI,WAAW,GAAG,OAAO,CAAC,GAAG,CAAC,CAAA;IAC9B,IAAI,oBAAoB,GAAG,WAAW,CAAC;IAEvC,UAAU,CAAC,GAAE,EAAE;IAEf,CAAC,CAAC,CAAA;IAEF,EAAE,CAAC,gBAAgB,EAAE,CAAC,IAAI,EAAC,EAAE;QACzB,WAAW,CAAC,GAAG,CAAC,GAAG,CAAC,CAAC,MAAM,CAAC,GAAG,EAAE,IAAI,CAAC,CAAA;IAC1C,CAAC,CAAC,CAAA;IAEF,EAAE,CAAC,kBAAkB,EAAE,CAAC,IAAI,EAAC,EAAE;QAC3B,WAAW,CAAC,GAAG,CAAC,QAAQ,CAAC,CAAC,MAAM,CAAC,GAAG,EAAE,IAAI,CAAC,CAAA;IAC/C,CAAC,CAAC,CAAA;IAEF,EAAE,CAAC,uBAAuB,EAAE,CAAC,IAAI,EAAC,EAAE;QAChC,WAAW,CAAC,GAAG,CAAC,OAAO,CAAC,CAAC,MAAM,CAAC,GAAG,EAAE,IAAI,CAAC,CAAA;IAC9C,CAAC,CAAC,CAAA;IAEF,EAAE,CAAC,qBAAqB,EAAE,CAAC,IAAI,EAAC,EAAE;QAC9B,WAAW,CAAC,GAAG,CAAC,gBAAgB,CAAC,CAAC,MAAM,CAAC,GAAG,EAAE,IAAI,CAAC,CAAA;IACvD,CAAC,CAAC,CAAA;IAEF,EAAE,CAAC,OAAO,EAAE,CAAC,IAAI,EAAE,EAAE;QACjB,WAAW,CAAC,IAAI,CAAC,QAAQ,CAAC,CAAC,MAAM,CAAC,GAAG,CAAC;aACrC,GAAG,CAAE,CAAC,GAAS,EAAE,EAAE;YAChB,oBAAoB,GAAG,WAAW,CAAC;YACnC,OAAO,IAAI,EAAE,CAAC;QAChB,CAAC,CAAC,CAAC;IAGT,CAAC,CAAC,CAAA;IAGF,EAAE,CAAC,gBAAgB,EAAE,CAAC,IAAI,EAAE,EAAE;QAC1B,oBAAoB,CAAC,GAAG,CAAC,gBAAgB,CAAC,CAAC,MAAM,CAAC,GAAG,EAAE,IAAI,CAAC,CAAA;IAEhE,CAAC,CAAC,CAAA;IAEF,EAAE,CAAC,oBAAoB,EAAE,CAAC,IAAI,EAAC,EAAE;QAC7B,WAAW,CAAC,GAAG,CAAC,2BAA2B,CAAC,CAAC,MAAM,CAAC,GAAG,EAAE,IAAI,CAAC,CAAA;IAClE,CAAC,CAAC,CAAA;IAEF,EAAE,CAAC,eAAe,EAAE,CAAC,IAAI,EAAC,EAAE;QACxB,WAAW,CAAC,GAAG,CAAC,gBAAgB,CAAC,CAAC,MAAM,CAAC,GAAG,EAAE,IAAI,CAAC,CAAA;IACvD,CAAC,CAAC,CAAA;IAEF,EAAE,CAAC,WAAW,EAAE,CAAC,IAAI,EAAE,EAAE;QACrB,WAAW,CAAC,GAAG,CAAC,oBAAoB,CAAC,CAAC,MAAM,CAAC,GAAG,EAAE,IAAI,CAAC,CAAA;IAC3D,CAAC,CAAC,CAAA;IAEF,EAAE,CAAC,MAAM,EAAE,CAAC,IAAI,EAAE,EAAE;QAChB,WAAW,CAAC,GAAG,CAAC,OAAO,CAAC,CAAC,MAAM,CAAC,GAAG,EAAE,IAAI,CAAC,CAAA;IAC9C,CAAC,CAAC,CAAA;IAEF,EAAE,CAAC,eAAe,EAAE,CAAC,IAAI,EAAE,EAAE;QACzB,WAAW,CAAC,GAAG,CAAC,WAAW,CAAC,CAAC,MAAM,CAAC,GAAG,EAAE,IAAI,CAAC,CAAA;IAClD,CAAC,CAAC,CAAA;IAEF,EAAE,CAAC,WAAW,EAAE,CAAC,IAAI,EAAE,EAAE;QACjB,WAAW,CAAC,GAAG,CAAC,YAAY,CAAC,CAAC,MAAM,CAAC,GAAG,EAAE,IAAI,CAAC,CAAA;IACvD,CAAC,CAAC,CAAA;IAEF,EAAE,CAAC,UAAU,EAAE,CAAC,IAAI,EAAE,EAAE;QACpB,WAAW,CAAC,GAAG,CAAC,WAAW,CAAC,CAAC,MAAM,CAAC,GAAG,EAAE,IAAI,CAAC,CAAA;IACtD,CAAC,CAAC,CAAA;AAGF,CAAC,CAAC,CAAA","sourcesContent":["var session = require('supertest-session');\r\nimport { Volcry } from './../src/app';\r\nimport { Application } from \"express\"\r\nlet mockSession = require('mock-session');\r\nimport request from \"supertest\"\r\nimport util from \"util\"\r\nimport { expect } from 'chai';\r\n\r\ndescribe(\"Build App\", ()=>{\r\n\r\n    let app : Application\r\n    let volcry = new Volcry(3000, \"example\")\r\n    app = volcry.start()\r\n    // let agent = request.agent(app)\r\n    let testSession = session(app)\r\n    var authenticatedSession = testSession;\r\n    \r\n    beforeEach(()=>{\r\n        \r\n    })\r\n\r\n    it(\"server started\", (done)=>{\r\n        testSession.get(\"/\").expect(200, done)\r\n    })\r\n\r\n    it(\"return view only\", (done)=>{\r\n        testSession.get(\"/about\").expect(200, done)\r\n    })\r\n\r\n    it(\"return view with data\", (done)=>{\r\n        testSession.get(\"/view\").expect(200, done)\r\n    })\r\n\r\n    it(\"Authenticated Route\", (done)=>{\r\n        testSession.get(\"/authenticated\").expect(401, done)\r\n    })\r\n\r\n    it(\"Login\", (done) => {\r\n        testSession.post(\"/login\").expect(200)\r\n        .end( (err : any) => {\r\n            authenticatedSession = testSession;\r\n            return done();\r\n          });\r\n   \r\n       \r\n    })\r\n\r\n\r\n    it(\"Authentication\", (done) => {\r\n        authenticatedSession.get(\"/authenticated\").expect(200, done)\r\n          \r\n    })\r\n\r\n    it(\"With Request Param\", (done)=>{\r\n        testSession.get(\"/main?param=hi&param2=sam\").expect(200, done)\r\n    })\r\n\r\n    it(\"mounted index\", (done)=>{\r\n        testSession.get(\"/mounted/index\").expect(200, done)\r\n    })\r\n\r\n    it(\"self-auth\", (done) => {\r\n        testSession.get(\"/mounted/self-auth\").expect(200, done)\r\n    })\r\n\r\n    it(\"json\", (done) => {\r\n        testSession.get(\"/json\").expect(200, done)\r\n    })\r\n\r\n    it(\"test redirect\", (done) => {\r\n        testSession.get(\"/redirect\").expect(302, done)\r\n    })\r\n\r\n    it(\"test void\", (done) => {\r\n            testSession.get(\"/test-void\").expect(200, done)\r\n    })\r\n\r\n    it(\"test put\", (done) => {\r\n        testSession.put(\"/test-put\").expect(200, done)\r\n})\r\n\r\n\r\n})"]},"_coverageSchema":"1a1c01bbd47fc00a2c39e90264f33305004495a9","hash":"b1b08ede098da75e818e0247cdffb5e3635bd72b","contentHash":"cfa355429a0b061ad9590c91d407c64e1cbc3558acf21c2ae679cad3367da5af"},"C:\\projects\\nodejs\\volcry\\src\\app.ts":{"path":"C:\\projects\\nodejs\\volcry\\src\\app.ts","statementMap":{"0":{"start":{"line":2,"column":22},"end":{"line":4,"column":1}},"1":{"start":{"line":3,"column":4},"end":{"line":3,"column":62}},"2":{"start":{"line":5,"column":0},"end":{"line":5,"column":62}},"3":{"start":{"line":6,"column":0},"end":{"line":6,"column":24}},"4":{"start":{"line":7,"column":15},"end":{"line":7,"column":43}},"5":{"start":{"line":8,"column":23},"end":{"line":8,"column":59}},"6":{"start":{"line":9,"column":34},"end":{"line":9,"column":81}},"7":{"start":{"line":10,"column":34},"end":{"line":10,"column":81}},"8":{"start":{"line":11,"column":24},"end":{"line":11,"column":57}},"9":{"start":{"line":12,"column":18},"end":{"line":12,"column":53}},"10":{"start":{"line":13,"column":26},"end":{"line":13,"column":69}},"11":{"start":{"line":14,"column":13},"end":{"line":14,"column":43}},"12":{"start":{"line":15,"column":15},"end":{"line":15,"column":47}},"13":{"start":{"line":16,"column":20},"end":{"line":16,"column":57}},"14":{"start":{"line":17,"column":24},"end":{"line":17,"column":65}},"15":{"start":{"line":18,"column":11},"end":{"line":18,"column":26}},"16":{"start":{"line":21,"column":8},"end":{"line":21,"column":49}},"17":{"start":{"line":22,"column":8},"end":{"line":22,"column":25}},"18":{"start":{"line":23,"column":8},"end":{"line":23,"column":39}},"19":{"start":{"line":24,"column":8},"end":{"line":24,"column":33}},"20":{"start":{"line":27,"column":8},"end":{"line":27,"column":43}},"21":{"start":{"line":28,"column":8},"end":{"line":28,"column":43}},"22":{"start":{"line":29,"column":8},"end":{"line":29,"column":60}},"23":{"start":{"line":30,"column":8},"end":{"line":30,"column":25}},"24":{"start":{"line":31,"column":8},"end":{"line":33,"column":11}},"25":{"start":{"line":32,"column":12},"end":{"line":32,"column":63}},"26":{"start":{"line":34,"column":8},"end":{"line":34,"column":24}},"27":{"start":{"line":37,"column":8},"end":{"line":37,"column":69}},"28":{"start":{"line":39,"column":8},"end":{"line":59,"column":11}},"29":{"start":{"line":40,"column":27},"end":{"line":40,"column":40}},"30":{"start":{"line":41,"column":12},"end":{"line":58,"column":15}},"31":{"start":{"line":42,"column":26},"end":{"line":44,"column":33}},"32":{"start":{"line":45,"column":16},"end":{"line":45,"column":45}},"33":{"start":{"line":47,"column":16},"end":{"line":57,"column":17}},"34":{"start":{"line":49,"column":24},"end":{"line":49,"column":76}},"35":{"start":{"line":50,"column":24},"end":{"line":50,"column":30}},"36":{"start":{"line":52,"column":24},"end":{"line":52,"column":77}},"37":{"start":{"line":53,"column":24},"end":{"line":53,"column":30}},"38":{"start":{"line":55,"column":24},"end":{"line":55,"column":76}},"39":{"start":{"line":56,"column":24},"end":{"line":56,"column":30}},"40":{"start":{"line":60,"column":8},"end":{"line":60,"column":48}},"41":{"start":{"line":61,"column":8},"end":{"line":68,"column":12}},"42":{"start":{"line":69,"column":8},"end":{"line":69,"column":39}},"43":{"start":{"line":70,"column":8},"end":{"line":70,"column":41}},"44":{"start":{"line":73,"column":30},"end":{"line":73,"column":63}},"45":{"start":{"line":74,"column":27},"end":{"line":74,"column":31}},"46":{"start":{"line":75,"column":32},"end":{"line":75,"column":66}},"47":{"start":{"line":76,"column":8},"end":{"line":76,"column":59}},"48":{"start":{"line":77,"column":8},"end":{"line":89,"column":9}},"49":{"start":{"line":78,"column":25},"end":{"line":78,"column":49}},"50":{"start":{"line":79,"column":12},"end":{"line":79,"column":32}},"51":{"start":{"line":80,"column":28},"end":{"line":80,"column":30}},"52":{"start":{"line":81,"column":12},"end":{"line":81,"column":86}},"53":{"start":{"line":81,"column":34},"end":{"line":81,"column":84}},"54":{"start":{"line":82,"column":12},"end":{"line":84,"column":15}},"55":{"start":{"line":83,"column":16},"end":{"line":83,"column":59}},"56":{"start":{"line":85,"column":12},"end":{"line":85,"column":88}},"57":{"start":{"line":88,"column":12},"end":{"line":88,"column":71}},"58":{"start":{"line":90,"column":8},"end":{"line":90,"column":60}},"59":{"start":{"line":91,"column":8},"end":{"line":91,"column":71}},"60":{"start":{"line":94,"column":8},"end":{"line":97,"column":9}},"61":{"start":{"line":95,"column":12},"end":{"line":95,"column":40}},"62":{"start":{"line":96,"column":12},"end":{"line":96,"column":19}},"63":{"start":{"line":98,"column":8},"end":{"line":102,"column":9}},"64":{"start":{"line":99,"column":25},"end":{"line":99,"column":77}},"65":{"start":{"line":100,"column":12},"end":{"line":100,"column":64}},"66":{"start":{"line":101,"column":12},"end":{"line":101,"column":19}},"67":{"start":{"line":103,"column":8},"end":{"line":112,"column":9}},"68":{"start":{"line":104,"column":12},"end":{"line":108,"column":13}},"69":{"start":{"line":105,"column":37},"end":{"line":105,"column":59}},"70":{"start":{"line":106,"column":16},"end":{"line":106,"column":50}},"71":{"start":{"line":107,"column":16},"end":{"line":107,"column":23}},"72":{"start":{"line":109,"column":25},"end":{"line":109,"column":70}},"73":{"start":{"line":110,"column":12},"end":{"line":110,"column":34}},"74":{"start":{"line":111,"column":12},"end":{"line":111,"column":19}},"75":{"start":{"line":113,"column":8},"end":{"line":113,"column":36}},"76":{"start":{"line":116,"column":8},"end":{"line":116,"column":54}},"77":{"start":{"line":117,"column":20},"end":{"line":117,"column":55}},"78":{"start":{"line":118,"column":8},"end":{"line":127,"column":9}},"79":{"start":{"line":119,"column":21},"end":{"line":119,"column":86}},"80":{"start":{"line":120,"column":23},"end":{"line":120,"column":72}},"81":{"start":{"line":121,"column":12},"end":{"line":123,"column":13}},"82":{"start":{"line":122,"column":16},"end":{"line":122,"column":28}},"83":{"start":{"line":124,"column":12},"end":{"line":126,"column":13}},"84":{"start":{"line":125,"column":16},"end":{"line":125,"column":79}},"85":{"start":{"line":130,"column":8},"end":{"line":135,"column":9}},"86":{"start":{"line":131,"column":12},"end":{"line":131,"column":91}},"87":{"start":{"line":134,"column":12},"end":{"line":134,"column":19}},"88":{"start":{"line":138,"column":8},"end":{"line":142,"column":11}},"89":{"start":{"line":139,"column":12},"end":{"line":139,"column":82}},"90":{"start":{"line":141,"column":12},"end":{"line":141,"column":74}},"91":{"start":{"line":145,"column":8},"end":{"line":149,"column":11}},"92":{"start":{"line":146,"column":12},"end":{"line":146,"column":82}},"93":{"start":{"line":148,"column":12},"end":{"line":148,"column":74}},"94":{"start":{"line":152,"column":8},"end":{"line":156,"column":11}},"95":{"start":{"line":153,"column":12},"end":{"line":153,"column":82}},"96":{"start":{"line":155,"column":12},"end":{"line":155,"column":74}},"97":{"start":{"line":159,"column":0},"end":{"line":159,"column":24}}},"fnMap":{"0":{"name":"(anonymous_0)","decl":{"start":{"line":2,"column":56},"end":{"line":2,"column":57}},"loc":{"start":{"line":2,"column":71},"end":{"line":4,"column":1}},"line":2},"1":{"name":"(anonymous_1)","decl":{"start":{"line":20,"column":4},"end":{"line":20,"column":5}},"loc":{"start":{"line":20,"column":32},"end":{"line":25,"column":5}},"line":20},"2":{"name":"(anonymous_2)","decl":{"start":{"line":26,"column":4},"end":{"line":26,"column":5}},"loc":{"start":{"line":26,"column":12},"end":{"line":35,"column":5}},"line":26},"3":{"name":"(anonymous_3)","decl":{"start":{"line":31,"column":35},"end":{"line":31,"column":36}},"loc":{"start":{"line":31,"column":41},"end":{"line":33,"column":9}},"line":31},"4":{"name":"(anonymous_4)","decl":{"start":{"line":36,"column":4},"end":{"line":36,"column":5}},"loc":{"start":{"line":36,"column":16},"end":{"line":71,"column":5}},"line":36},"5":{"name":"(anonymous_5)","decl":{"start":{"line":39,"column":73},"end":{"line":39,"column":74}},"loc":{"start":{"line":39,"column":92},"end":{"line":59,"column":9}},"line":39},"6":{"name":"(anonymous_6)","decl":{"start":{"line":41,"column":49},"end":{"line":41,"column":50}},"loc":{"start":{"line":41,"column":72},"end":{"line":58,"column":13}},"line":41},"7":{"name":"(anonymous_7)","decl":{"start":{"line":72,"column":4},"end":{"line":72,"column":5}},"loc":{"start":{"line":72,"column":68},"end":{"line":92,"column":5}},"line":72},"8":{"name":"(anonymous_8)","decl":{"start":{"line":81,"column":24},"end":{"line":81,"column":25}},"loc":{"start":{"line":81,"column":34},"end":{"line":81,"column":84}},"line":81},"9":{"name":"(anonymous_9)","decl":{"start":{"line":82,"column":27},"end":{"line":82,"column":28}},"loc":{"start":{"line":82,"column":42},"end":{"line":84,"column":13}},"line":82},"10":{"name":"(anonymous_10)","decl":{"start":{"line":93,"column":4},"end":{"line":93,"column":5}},"loc":{"start":{"line":93,"column":62},"end":{"line":114,"column":5}},"line":93},"11":{"name":"(anonymous_11)","decl":{"start":{"line":115,"column":4},"end":{"line":115,"column":5}},"loc":{"start":{"line":115,"column":30},"end":{"line":128,"column":5}},"line":115},"12":{"name":"(anonymous_12)","decl":{"start":{"line":129,"column":4},"end":{"line":129,"column":5}},"loc":{"start":{"line":129,"column":58},"end":{"line":136,"column":5}},"line":129},"13":{"name":"(anonymous_13)","decl":{"start":{"line":137,"column":4},"end":{"line":137,"column":5}},"loc":{"start":{"line":137,"column":49},"end":{"line":143,"column":5}},"line":137},"14":{"name":"(anonymous_14)","decl":{"start":{"line":138,"column":35},"end":{"line":138,"column":36}},"loc":{"start":{"line":138,"column":64},"end":{"line":140,"column":9}},"line":138},"15":{"name":"(anonymous_15)","decl":{"start":{"line":140,"column":11},"end":{"line":140,"column":12}},"loc":{"start":{"line":140,"column":40},"end":{"line":142,"column":9}},"line":140},"16":{"name":"(anonymous_16)","decl":{"start":{"line":144,"column":4},"end":{"line":144,"column":5}},"loc":{"start":{"line":144,"column":50},"end":{"line":150,"column":5}},"line":144},"17":{"name":"(anonymous_17)","decl":{"start":{"line":145,"column":36},"end":{"line":145,"column":37}},"loc":{"start":{"line":145,"column":65},"end":{"line":147,"column":9}},"line":145},"18":{"name":"(anonymous_18)","decl":{"start":{"line":147,"column":11},"end":{"line":147,"column":12}},"loc":{"start":{"line":147,"column":40},"end":{"line":149,"column":9}},"line":147},"19":{"name":"(anonymous_19)","decl":{"start":{"line":151,"column":4},"end":{"line":151,"column":5}},"loc":{"start":{"line":151,"column":49},"end":{"line":157,"column":5}},"line":151},"20":{"name":"(anonymous_20)","decl":{"start":{"line":152,"column":35},"end":{"line":152,"column":36}},"loc":{"start":{"line":152,"column":64},"end":{"line":154,"column":9}},"line":152},"21":{"name":"(anonymous_21)","decl":{"start":{"line":154,"column":11},"end":{"line":154,"column":12}},"loc":{"start":{"line":154,"column":40},"end":{"line":156,"column":9}},"line":154}},"branchMap":{"0":{"loc":{"start":{"line":2,"column":22},"end":{"line":4,"column":1}},"type":"binary-expr","locations":[{"start":{"line":2,"column":23},"end":{"line":2,"column":27}},{"start":{"line":2,"column":31},"end":{"line":2,"column":51}},{"start":{"line":2,"column":56},"end":{"line":4,"column":1}}],"line":2},"1":{"loc":{"start":{"line":3,"column":11},"end":{"line":3,"column":61}},"type":"cond-expr","locations":[{"start":{"line":3,"column":37},"end":{"line":3,"column":40}},{"start":{"line":3,"column":43},"end":{"line":3,"column":61}}],"line":3},"2":{"loc":{"start":{"line":3,"column":12},"end":{"line":3,"column":33}},"type":"binary-expr","locations":[{"start":{"line":3,"column":12},"end":{"line":3,"column":15}},{"start":{"line":3,"column":19},"end":{"line":3,"column":33}}],"line":3},"3":{"loc":{"start":{"line":42,"column":26},"end":{"line":44,"column":33}},"type":"cond-expr","locations":[{"start":{"line":43,"column":22},"end":{"line":43,"column":50}},{"start":{"line":44,"column":22},"end":{"line":44,"column":33}}],"line":42},"4":{"loc":{"start":{"line":42,"column":26},"end":{"line":42,"column":67}},"type":"binary-expr","locations":[{"start":{"line":42,"column":26},"end":{"line":42,"column":42}},{"start":{"line":42,"column":46},"end":{"line":42,"column":67}}],"line":42},"5":{"loc":{"start":{"line":47,"column":16},"end":{"line":57,"column":17}},"type":"switch","locations":[{"start":{"line":48,"column":20},"end":{"line":50,"column":30}},{"start":{"line":51,"column":20},"end":{"line":53,"column":30}},{"start":{"line":54,"column":20},"end":{"line":56,"column":30}}],"line":47},"6":{"loc":{"start":{"line":77,"column":8},"end":{"line":89,"column":9}},"type":"if","locations":[{"start":{"line":77,"column":8},"end":{"line":89,"column":9}},{"start":{"line":77,"column":8},"end":{"line":89,"column":9}}],"line":77},"7":{"loc":{"start":{"line":81,"column":34},"end":{"line":81,"column":84}},"type":"cond-expr","locations":[{"start":{"line":81,"column":54},"end":{"line":81,"column":55}},{"start":{"line":81,"column":58},"end":{"line":81,"column":84}}],"line":81},"8":{"loc":{"start":{"line":81,"column":58},"end":{"line":81,"column":84}},"type":"cond-expr","locations":[{"start":{"line":81,"column":78},"end":{"line":81,"column":80}},{"start":{"line":81,"column":83},"end":{"line":81,"column":84}}],"line":81},"9":{"loc":{"start":{"line":94,"column":8},"end":{"line":97,"column":9}},"type":"if","locations":[{"start":{"line":94,"column":8},"end":{"line":97,"column":9}},{"start":{"line":94,"column":8},"end":{"line":97,"column":9}}],"line":94},"10":{"loc":{"start":{"line":94,"column":12},"end":{"line":94,"column":121}},"type":"binary-expr","locations":[{"start":{"line":94,"column":12},"end":{"line":94,"column":91}},{"start":{"line":94,"column":95},"end":{"line":94,"column":121}}],"line":94},"11":{"loc":{"start":{"line":98,"column":8},"end":{"line":102,"column":9}},"type":"if","locations":[{"start":{"line":98,"column":8},"end":{"line":102,"column":9}},{"start":{"line":98,"column":8},"end":{"line":102,"column":9}}],"line":98},"12":{"loc":{"start":{"line":103,"column":8},"end":{"line":112,"column":9}},"type":"if","locations":[{"start":{"line":103,"column":8},"end":{"line":112,"column":9}},{"start":{"line":103,"column":8},"end":{"line":112,"column":9}}],"line":103},"13":{"loc":{"start":{"line":104,"column":12},"end":{"line":108,"column":13}},"type":"if","locations":[{"start":{"line":104,"column":12},"end":{"line":108,"column":13}},{"start":{"line":104,"column":12},"end":{"line":108,"column":13}}],"line":104},"14":{"loc":{"start":{"line":121,"column":12},"end":{"line":123,"column":13}},"type":"if","locations":[{"start":{"line":121,"column":12},"end":{"line":123,"column":13}},{"start":{"line":121,"column":12},"end":{"line":123,"column":13}}],"line":121},"15":{"loc":{"start":{"line":121,"column":16},"end":{"line":121,"column":78}},"type":"binary-expr","locations":[{"start":{"line":121,"column":16},"end":{"line":121,"column":29}},{"start":{"line":121,"column":33},"end":{"line":121,"column":78}}],"line":121},"16":{"loc":{"start":{"line":124,"column":12},"end":{"line":126,"column":13}},"type":"if","locations":[{"start":{"line":124,"column":12},"end":{"line":126,"column":13}},{"start":{"line":124,"column":12},"end":{"line":126,"column":13}}],"line":124},"17":{"loc":{"start":{"line":130,"column":8},"end":{"line":135,"column":9}},"type":"if","locations":[{"start":{"line":130,"column":8},"end":{"line":135,"column":9}},{"start":{"line":130,"column":8},"end":{"line":135,"column":9}}],"line":130}},"s":{"0":1,"1":6,"2":1,"3":1,"4":1,"5":1,"6":1,"7":1,"8":1,"9":1,"10":1,"11":1,"12":1,"13":1,"14":1,"15":1,"16":1,"17":1,"18":1,"19":1,"20":1,"21":1,"22":1,"23":1,"24":1,"25":1,"26":1,"27":1,"28":1,"29":2,"30":2,"31":12,"32":12,"33":12,"34":10,"35":10,"36":1,"37":1,"38":1,"39":1,"40":1,"41":1,"42":1,"43":1,"44":12,"45":12,"46":12,"47":12,"48":12,"49":1,"50":1,"51":1,"52":1,"53":1,"54":1,"55":2,"56":1,"57":11,"58":12,"59":12,"60":12,"61":5,"62":5,"63":7,"64":1,"65":1,"66":1,"67":6,"68":2,"69":1,"70":1,"71":1,"72":1,"73":1,"74":1,"75":4,"76":3,"77":3,"78":3,"79":7,"80":7,"81":7,"82":2,"83":7,"84":2,"85":13,"86":3,"87":10,"88":10,"89":11,"90":10,"91":1,"92":1,"93":1,"94":1,"95":1,"96":1,"97":1},"f":{"0":6,"1":1,"2":1,"3":1,"4":1,"5":2,"6":12,"7":12,"8":1,"9":2,"10":12,"11":3,"12":13,"13":10,"14":11,"15":10,"16":1,"17":1,"18":1,"19":1,"20":1,"21":1},"b":{"0":[1,1,1],"1":[1,5],"2":[6,6],"3":[2,10],"4":[12,2],"5":[10,1,1],"6":[1,11],"7":[0,1],"8":[1,0],"9":[5,7],"10":[12,5],"11":[1,6],"12":[2,4],"13":[1,1],"14":[2,5],"15":[7,5],"16":[2,5],"17":[3,10]},"inputSourceMap":{"version":3,"file":"C:/projects/nodejs/volcry/src/app.ts","sources":["C:/projects/nodejs/volcry/src/app.ts"],"names":[],"mappings":";;;;;;AAAA,4CAAyC;AACzC,4DAAyD;AACzD,kFAA6E;AAC7E,kFAA+E;AAC/E,0DAAuD;AACvD,sDAMiB;AACjB,sEAAsC;AACtC,4CAAoB;AACpB,gDAAwB;AACxB,0DAA+B;AAC/B,kEAAyC;AAEzC,IAAI,IAAI,GAAG,OAAO,CAAC,MAAM,CAAC,CAAC;AAE3B,MAAa,MAAM;IAMjB,YAAY,IAAY,EAAE,QAAgB;QAFlC,WAAM,GAAW,iBAAO,CAAC,MAAM,EAAE,CAAC;QAGxC,IAAI,CAAC,IAAI,GAAG,IAAI,CAAC;QACjB,IAAI,CAAC,GAAG,GAAG,iBAAO,EAAE,CAAC;QACrB,IAAI,CAAC,QAAQ,GAAG,QAAQ,CAAC;IAC3B,CAAC;IAED,KAAK;QACH,IAAI,CAAC,cAAc,CAAC,IAAI,CAAC,QAAQ,CAAC,CAAC;QACnC,IAAI,CAAC,GAAG,CAAC,GAAG,CAAC,aAAa,EAAE,KAAK,CAAC,CAAC;QACnC,IAAI,CAAC,GAAG,CAAC,GAAG,CAAC,OAAO,EAAE,GAAG,IAAI,CAAC,QAAQ,YAAY,CAAC,CAAC;QACpD,IAAI,CAAC,SAAS,EAAE,CAAC;QACjB,IAAI,CAAC,GAAG,CAAC,MAAM,CAAC,IAAI,CAAC,IAAI,EAAE,GAAG,EAAE;YAC9B,OAAO,CAAC,GAAG,CAAC,0BAA0B,IAAI,CAAC,IAAI,EAAE,CAAC,CAAC;QACrD,CAAC,CAAC,CAAC;QAEH,OAAO,IAAI,CAAC,GAAG,CAAC;IAClB,CAAC;IAEO,SAAS;QACf,OAAO,CAAC,GAAG,CAAC,mBAAM,CAAC,WAAW,CAAC,cAAc,CAAC,CAAC,CAAC;QAEhD,0EAA0E;QAC1E,MAAM,CAAC,OAAO,CAAM,6BAAa,CAAC,UAAU,CAAC,CAAC,OAAO,CAAC,CAAC,CAAC,KAAK,EAAE,IAAI,CAAC,EAAE,EAAE;YACtE,IAAI,QAAQ,GAAG,IAAI,CAAC,QAAQ,CAAC;YAC7B,MAAM,CAAC,OAAO,CAAM,IAAI,CAAC,OAAO,CAAC,CAAC,OAAO,CAAC,CAAC,CAAC,MAAM,EAAE,OAAO,CAAC,EAAE,EAAE;gBAC9D,IAAI,GAAG,GACL,QAAQ,IAAI,IAAI,IAAI,QAAQ,IAAI,SAAS;oBACvC,CAAC,CAAC,QAAQ,GAAG,GAAG,GAAG,OAAO,CAAC,GAAG;oBAC9B,CAAC,CAAC,OAAO,CAAC,GAAG,CAAC;gBAElB,GAAG,GAAG,GAAG,CAAC,OAAO,CAAC,KAAK,EAAE,EAAE,CAAC,CAAC;gBAC7B,4BAA4B;gBAE5B,QAAQ,OAAO,CAAC,MAAM,EAAE;oBACtB,KAAK,iCAAO,CAAC,GAAG;wBACd,IAAI,CAAC,cAAc,CAAC,IAAI,CAAC,WAAW,EAAE,OAAO,EAAE,GAAG,CAAC,CAAC;wBACpD,MAAM;oBACR,KAAK,iCAAO,CAAC,IAAI;wBACf,IAAI,CAAC,eAAe,CAAC,IAAI,CAAC,WAAW,EAAE,OAAO,EAAE,GAAG,CAAC,CAAC;wBACrD,MAAM;oBACP,KAAK,iCAAO,CAAC,GAAG;wBACf,IAAI,CAAC,cAAc,CAAC,IAAI,CAAC,WAAW,EAAE,OAAO,EAAE,GAAG,CAAC,CAAC;wBACpD,MAAM;iBACT;YACH,CAAC,CAAC,CAAC;QACL,CAAC,CAAC,CAAC;QAEH,IAAI,CAAC,GAAG,CAAC,GAAG,CAAC,uBAAY,EAAE,CAAC,CAAC;QAC7B,IAAI,CAAC,GAAG,CAAC,GAAG,CACV,yBAAO,CAAC;YACN,MAAM,EAAE,kBAAkB;YAC1B,MAAM,EAAE,KAAK;YACb,iBAAiB,EAAE,KAAK;YACxB,MAAM,EAAE;gBACN,OAAO,EAAE,IAAI,IAAI,CAAC,YAAY,CAAC;aAChC;SACF,CAAC,CACH,CAAC;QACF,IAAI,CAAC,GAAG,CAAC,GAAG,CAAC,GAAG,EAAE,IAAI,CAAC,MAAM,CAAC,CAAC;QAC/B,OAAO,CAAC,GAAG,CAAC,mBAAmB,CAAC,CAAC;IACnC,CAAC;IAGO,YAAY,CAClB,WAAqB,EACrB,iBAAsB,EACtB,OAAgB,EAChB,QAAkB;QAElB,IAAI,eAAe,GAAG,iBAAiB,CAAC,eAAe,CAAC;QACxD,IAAI,YAAY,GAAG,IAAI,CAAC;QACxB,IAAI,iBAAiB,GAAG,OAAO,CAAC,SAAS,CAAC,WAAW,EAAE,EAAE,CAAC,CAAC;QAG3D,OAAO,CAAC,GAAG,CAAC,iBAAiB,EAAE,SAAS,EAAE,OAAO,CAAC,CAAC;QAEnD,IAAI,eAAe,GAAG,CAAC,EAAE;YACvB,IAAI,MAAM,GAAG,iBAAiB,CAAC,MAAM,CAAC;YACtC,OAAO,CAAC,GAAG,CAAC,MAAM,CAAC,CAAA;YACnB,IAAI,SAAS,GAAQ,EAAE,CAAC;YACxB,MAAM,CAAC,IAAI,CAAC,CAAC,CAAM,EAAE,CAAM,EAAE,EAAE,CAC7B,CAAC,CAAC,KAAK,GAAG,CAAC,CAAC,KAAK,CAAC,CAAC,CAAC,CAAC,CAAC,CAAC,CAAC,CAAC,CAAC,KAAK,GAAG,CAAC,CAAC,KAAK,CAAC,CAAC,CAAC,CAAC,CAAC,CAAC,CAAC,CAAC,CAAC,CACnD,CAAC;YAEF,MAAM,CAAC,OAAO,CAAC,CAAC,MAAW,EAAE,CAAM,EAAE,EAAE;gBACnC,SAAS,CAAC,IAAI,CAAC,OAAO,CAAC,KAAK,CAAC,MAAM,CAAC,IAAI,CAAC,CAAC,CAAC;YAC/C,CAAC,CAAC,CAAC;YAEH,YAAY,GAAG,iBAAiB,CAAC,MAAM,CAAC,KAAK,CAC3C,iBAAiB,EACjB,SAAS,CACV,CAAC;SACH;aAAM;YACL,YAAY,GAAG,iBAAiB,CAAC,iBAAiB,CAAC,IAAI,CAAC,EAAE,CAAC;SAC5D;QACD,OAAO,GAAG,OAAO,CAAC,GAAG,CAAC,iBAAiB,EAAE,SAAS,CAAC,CAAC;QACpD,IAAI,CAAC,cAAc,CAAC,YAAY,EAAE,QAAQ,EAAE,iBAAiB,CAAC,CAAC;IACjE,CAAC;IAEO,cAAc,CACpB,YAAiB,EACjB,QAAkB,EAClB,iBAAsB;QAEtB,IAAI,iBAAiB,CAAC,aAAa,KAAK,sCAAY,CAAC,IAAI,IAAK,YAAY,KAAK,SAAS,EAAE;YACxF,QAAQ,CAAC,IAAI,CAAC,YAAY,CAAC,CAAC;YAC5B,OAAO;SACR;QACD,IAAI,YAAY,YAAY,2BAAY,EAAE;YACxC,MAAM,IAAI,GAAG,WAAI,CAAC,QAAQ,CAAC,YAAY,CAAC,eAAe,EAAE,CAAC,CAAC;YAC3D,QAAQ,CAAC,MAAM,CAAC,IAAI,EAAE,YAAY,CAAC,aAAa,EAAE,CAAC,CAAC;YACpD,OAAO;SACR;QACD,IAAI,OAAO,YAAY,KAAK,QAAQ,EAAE;YACpC,IAAI,YAAY,CAAC,UAAU,CAAC,GAAG,CAAC,EAAE;gBAChC,IAAI,cAAc,GAAG,YAAY,CAAC,MAAM,CAAC,CAAC,CAAC,CAAC;gBAC5C,QAAQ,CAAC,QAAQ,CAAC,cAAc,CAAC,CAAC;gBAClC,OAAO;aACR;YACD,MAAM,IAAI,GAAG,WAAI,CAAC,QAAQ,CAAC,YAAY,CAAC,QAAQ,EAAE,CAAC,CAAC;YACpD,QAAQ,CAAC,MAAM,CAAC,IAAI,CAAC,CAAC;YACtB,OAAO;SACR;QACD,QAAQ,CAAC,IAAI,CAAC,YAAY,CAAC,CAAC;IAC9B,CAAC;IAEO,cAAc,CAAC,SAAiB;QACtC,SAAS,GAAG,cAAI,CAAC,OAAO,CAAC,SAAS,CAAC,CAAC;QACpC,IAAI,KAAK,GAAG,YAAE,CAAC,WAAW,CAAC,SAAS,CAAC,CAAC;QACtC,KAAK,IAAI,IAAI,IAAI,KAAK,EAAE;YACtB,IAAI,EAAE,GAAG,cAAI,CAAC,IAAI,CAAC,cAAI,CAAC,OAAO,CAAC,SAAS,CAAC,EAAE,GAAG,EAAE,IAAI,CAAC,CAAC;YACvD,IAAI,IAAI,GAAG,YAAE,CAAC,QAAQ,CAAC,cAAI,CAAC,OAAO,CAAC,EAAE,CAAC,CAAC,CAAC;YACzC,IAAI,IAAI,CAAC,MAAM,EAAE,IAAI,IAAI,CAAC,WAAW,EAAE,CAAC,OAAO,CAAC,YAAY,CAAC,GAAG,CAAC,CAAC,EAAE;gBAClE,OAAO,CAAC,EAAE,CAAC,CAAC;aACb;YACD,IAAI,IAAI,CAAC,WAAW,EAAE,EAAE;gBACtB,IAAI,CAAC,cAAc,CAAC,cAAI,CAAC,IAAI,CAAC,SAAS,EAAE,GAAG,EAAE,IAAI,CAAC,CAAC,CAAC;aACtD;SACF;IACH,CAAC;IAEO,aAAa,CACnB,aAAsB,EACtB,OAAgB,EAChB,QAAkB,EAClB,IAAkB;QAElB,IAAI,aAAa,EAAE;YACjB,IAAI,iDAAuB,CAAC,OAAO,EAAE,QAAQ,EAAE,IAAI,CAAC,CAAC;SACtD;aAAM;YACL,IAAI,EAAE,CAAC;SACR;IACH,CAAC;IAEO,cAAc,CAAC,WAAqB,EAAE,UAAe,EAAE,GAAW;QACxE,IAAI,CAAC,MAAM,CAAC,GAAG,CACb,IAAI,GAAG,EAAE,EACT,CAAC,OAAO,EAAE,QAAQ,EAAE,IAAI,EAAE,EAAE;YAC1B,IAAI,CAAC,aAAa,CAAC,UAAU,CAAC,aAAa,EAAE,OAAO,EAAE,QAAQ,EAAE,IAAI,CAAC,CAAC;QACxE,CAAC,EACD,CAAC,OAAO,EAAE,QAAQ,EAAE,IAAI,EAAE,EAAE;YAC1B,IAAI,CAAC,YAAY,CAAC,WAAW,EAAE,UAAU,EAAE,OAAO,EAAE,QAAQ,CAAC,CAAC;QAChE,CAAC,CACF,CAAC;IACJ,CAAC;IAEO,eAAe,CAAC,WAAqB,EAAE,UAAe,EAAE,GAAW;QACzE,IAAI,CAAC,MAAM,CAAC,IAAI,CACd,IAAI,GAAG,EAAE,EACT,CAAC,OAAO,EAAE,QAAQ,EAAE,IAAI,EAAE,EAAE;YAC1B,IAAI,CAAC,aAAa,CAAC,UAAU,CAAC,aAAa,EAAE,OAAO,EAAE,QAAQ,EAAE,IAAI,CAAC,CAAC;QACxE,CAAC,EACD,CAAC,OAAO,EAAE,QAAQ,EAAE,IAAI,EAAE,EAAE;YAC1B,IAAI,CAAC,YAAY,CAAC,WAAW,EAAE,UAAU,EAAE,OAAO,EAAE,QAAQ,CAAC,CAAC;QAChE,CAAC,CACF,CAAC;IACJ,CAAC;IAEO,cAAc,CAAC,WAAqB,EAAE,UAAe,EAAE,GAAW;QACxE,IAAI,CAAC,MAAM,CAAC,GAAG,CACb,IAAI,GAAG,EAAE,EACT,CAAC,OAAO,EAAE,QAAQ,EAAE,IAAI,EAAE,EAAE;YAC1B,IAAI,CAAC,aAAa,CAAC,UAAU,CAAC,aAAa,EAAE,OAAO,EAAE,QAAQ,EAAE,IAAI,CAAC,CAAC;QACxE,CAAC,EACD,CAAC,OAAO,EAAE,QAAQ,EAAE,IAAI,EAAE,EAAE;YAC1B,IAAI,CAAC,YAAY,CAAC,WAAW,EAAE,UAAU,EAAE,OAAO,EAAE,QAAQ,CAAC,CAAC;QAChE,CAAC,CACF,CAAC;IACJ,CAAC;CACF;AAnMD,wBAmMC","sourcesContent":["import { View } from \"./components/View\";\r\nimport { ModelAndView } from \"./components/ModelAndView\";\r\nimport { Methods, ResponseType } from \"./decorators/requestmethod.decorator\";\r\nimport { AuthenticatedMiddleware } from \"./middleware/AuthenticatedMiddleware\";\r\nimport { ComponentTree } from \"./params/ComponentTree\";\r\nimport express, {\r\n  Application,\r\n  NextFunction,\r\n  Request,\r\n  Response,\r\n  Router,\r\n} from \"express\";\r\nimport session from \"express-session\";\r\nimport fs from \"fs\";\r\nimport path from \"path\";\r\nimport crayon from \"crayon.js\";\r\nimport cookieParser from \"cookie-parser\";\r\nimport util from \"util\"\r\nvar uuid = require(\"uuid\");\r\n\r\nexport class Volcry {\r\n  private port: number;\r\n  private app: Application;\r\n  private baseScan: string;\r\n  private router: Router = express.Router();\r\n\r\n  constructor(port: number, baseScan: string) {\r\n    this.port = port;\r\n    this.app = express();\r\n    this.baseScan = baseScan;\r\n  }\r\n\r\n  start(): Application {\r\n    this.scanComponents(this.baseScan);\r\n    this.app.set(\"view engine\", \"pug\");\r\n    this.app.set(\"views\", `${this.baseScan}/resources`);\r\n    this.bootstrap();\r\n    this.app.listen(this.port, () => {\r\n      console.log(`Server started on port ${this.port}`);\r\n    });\r\n\r\n    return this.app;\r\n  }\r\n\r\n  private bootstrap(): void {\r\n    console.log(crayon.greenYellow(\"Bootstraping\"));\r\n\r\n    // console.log(util.inspect(ComponentTree.components,  false, null, true))\r\n    Object.entries<any>(ComponentTree.components).forEach(([index, item]) => {\r\n      let base_url = item.base_url;\r\n      Object.entries<any>(item.methods).forEach(([index_, element]) => {\r\n        let url: string =\r\n          base_url != null && base_url != undefined\r\n            ? base_url + \"/\" + element.url\r\n            : element.url;\r\n\r\n        url = url.replace(/\\/$/, \"\");\r\n        // console.log(`URL ${url}`)\r\n\r\n        switch (element.method) {\r\n          case Methods.GET:\r\n            this.createGetRoute(item.constructor, element, url);\r\n            break;\r\n          case Methods.POST:\r\n            this.createPostRoute(item.constructor, element, url);\r\n            break;\r\n           case Methods.PUT:\r\n            this.createPutRoute(item.constructor, element, url);\r\n            break; \r\n        }\r\n      });\r\n    });\r\n\r\n    this.app.use(cookieParser());\r\n    this.app.use(\r\n      session({\r\n        secret: \"somerandonstuffs\",\r\n        resave: false,\r\n        saveUninitialized: false,\r\n        cookie: {\r\n          expires: new Date(\"22-03-2022\"),\r\n        },\r\n      })\r\n    );\r\n    this.app.use(\"/\", this.router);\r\n    console.log(\"Done Bootstraping\");\r\n  }\r\n\r\n\r\n  private serveRequest(\r\n    constructor: Function,\r\n    controller_action: any,\r\n    request: Request,\r\n    response: Response\r\n  ): void {\r\n    let parameter_count = controller_action.parameter_count;\r\n    let return_value = null;\r\n    var action_controller = Reflect.construct(constructor, []);\r\n    \r\n\r\n    Reflect.set(action_controller, \"request\", request);\r\n\r\n    if (parameter_count > 0) {\r\n      let params = controller_action.params;\r\n      console.log(params)\r\n      let paramList: any = [];\r\n      params.sort((a: any, b: any) =>\r\n        a.index > b.index ? 1 : b.index > a.index ? -1 : 0\r\n      );\r\n\r\n      params.forEach((object: any, i: any) => {\r\n          paramList.push(request.query[object.name]);\r\n      });\r\n\r\n      return_value = controller_action.action.apply(\r\n        action_controller,\r\n        paramList\r\n      );\r\n    } else {\r\n      return_value = action_controller[controller_action.name]();\r\n    }\r\n    request = Reflect.get(action_controller, \"request\");\r\n    this.handleResponse(return_value, response, controller_action);\r\n  }\r\n\r\n  private handleResponse(\r\n    return_value: any,\r\n    response: Response,\r\n    controller_action: any\r\n  ) {\r\n    if (controller_action.response_type === ResponseType.JSON &&  return_value !== undefined) {\r\n      response.json(return_value);\r\n      return;\r\n    }\r\n    if (return_value instanceof ModelAndView) {\r\n      const view = View.findView(return_value.getTemplateName());\r\n      response.render(view, return_value.getAttributes());\r\n      return;\r\n    }\r\n    if (typeof return_value === \"string\") {\r\n      if (return_value.startsWith(\":\")) {\r\n        let redirect_route = return_value.substr(1);\r\n        response.redirect(redirect_route);\r\n        return;\r\n      }\r\n      const view = View.findView(return_value.toString());\r\n      response.render(view);\r\n      return;\r\n    }\r\n    response.send(return_value);\r\n  }\r\n\r\n  private scanComponents(baseRoute: string) {\r\n    baseRoute = path.resolve(baseRoute);\r\n    let files = fs.readdirSync(baseRoute);\r\n    for (let file of files) {\r\n      let br = path.join(path.resolve(baseRoute), \"/\", file);\r\n      let stat = fs.statSync(path.resolve(br));\r\n      if (stat.isFile() && file.toLowerCase().indexOf(\"controller\") > -1) {\r\n        require(br);\r\n      }\r\n      if (stat.isDirectory()) {\r\n        this.scanComponents(path.join(baseRoute, \"/\", file));\r\n      }\r\n    }\r\n  }\r\n\r\n  private authenticated(\r\n    authenticated: boolean,\r\n    request: Request,\r\n    response: Response,\r\n    next: NextFunction\r\n  ) {\r\n    if (authenticated) {\r\n      new AuthenticatedMiddleware(request, response, next);\r\n    } else {\r\n      next();\r\n    }\r\n  }\r\n\r\n  private createGetRoute(constructor: Function, properties: any, url: string) {\r\n    this.router.get(\r\n      `/${url}`,\r\n      (request, response, next) => {\r\n        this.authenticated(properties.authenticated, request, response, next);\r\n      },\r\n      (request, response, next) => {\r\n        this.serveRequest(constructor, properties, request, response);        \r\n      }\r\n    );\r\n  }\r\n\r\n  private createPostRoute(constructor: Function, properties: any, url: string) {\r\n    this.router.post(\r\n      `/${url}`,\r\n      (request, response, next) => {\r\n        this.authenticated(properties.authenticated, request, response, next);\r\n      },\r\n      (request, response, next) => {\r\n        this.serveRequest(constructor, properties, request, response);\r\n      }\r\n    );\r\n  }\r\n\r\n  private createPutRoute(constructor: Function, properties: any, url: string) {\r\n    this.router.put(\r\n      `/${url}`,\r\n      (request, response, next) => {\r\n        this.authenticated(properties.authenticated, request, response, next);\r\n      },\r\n      (request, response, next) => {\r\n        this.serveRequest(constructor, properties, request, response);\r\n      }\r\n    );\r\n  }\r\n}\r\n"]},"_coverageSchema":"1a1c01bbd47fc00a2c39e90264f33305004495a9","hash":"083b65f943518c43cc4633d9d4d961f41fafd6a4","contentHash":"3a237593661b295d323db51f2a1ebbccdc74e7bb928a233db58fd09cc56b64ef"},"C:\\projects\\nodejs\\volcry\\src\\components\\View.ts":{"path":"C:\\projects\\nodejs\\volcry\\src\\components\\View.ts","statementMap":{"0":{"start":{"line":2,"column":0},"end":{"line":2,"column":62}},"1":{"start":{"line":3,"column":0},"end":{"line":3,"column":22}},"2":{"start":{"line":6,"column":8},"end":{"line":6,"column":48}},"3":{"start":{"line":7,"column":8},"end":{"line":7,"column":39}},"4":{"start":{"line":8,"column":8},"end":{"line":8,"column":25}},"5":{"start":{"line":11,"column":0},"end":{"line":11,"column":20}}},"fnMap":{"0":{"name":"(anonymous_0)","decl":{"start":{"line":5,"column":4},"end":{"line":5,"column":5}},"loc":{"start":{"line":5,"column":31},"end":{"line":9,"column":5}},"line":5}},"branchMap":{},"s":{"0":1,"1":1,"2":2,"3":2,"4":2,"5":1},"f":{"0":2},"b":{},"inputSourceMap":{"version":3,"file":"C:/projects/nodejs/volcry/src/components/View.ts","sources":["C:/projects/nodejs/volcry/src/components/View.ts"],"names":[],"mappings":";;;AACA,MAAa,IAAI;IAEb,MAAM,CAAC,QAAQ,CAAC,SAAkB;QAC9B,SAAS,GAAG,SAAS,CAAC,OAAO,CAAC,GAAG,EAAE,GAAG,CAAC,CAAA;QACvC,SAAS,GAAG,GAAG,SAAS,MAAM,CAAA;QAC9B,OAAO,SAAS,CAAA;IACpB,CAAC;CACJ;AAPD,oBAOC","sourcesContent":["import pug, { compileTemplate } from \"pug\"\r\nexport class View {\r\n\r\n    static findView(view_name : string) : string{\r\n        view_name = view_name.replace(\".\", \"/\")\r\n        view_name = `${view_name}.pug`\r\n        return view_name\r\n    }\r\n}"]},"_coverageSchema":"1a1c01bbd47fc00a2c39e90264f33305004495a9","hash":"404669f0cb33c722e7fa1b56b84142903a1a7d8b","contentHash":"5c84c5fa4414fa0d7d31fa31003b0c6c3ed593d222ccb2d9b6b281e0f2d01e7f"},"C:\\projects\\nodejs\\volcry\\src\\components\\ModelAndView.ts":{"path":"C:\\projects\\nodejs\\volcry\\src\\components\\ModelAndView.ts","statementMap":{"0":{"start":{"line":2,"column":0},"end":{"line":2,"column":62}},"1":{"start":{"line":3,"column":0},"end":{"line":3,"column":30}},"2":{"start":{"line":6,"column":8},"end":{"line":6,"column":29}},"3":{"start":{"line":7,"column":8},"end":{"line":7,"column":33}},"4":{"start":{"line":10,"column":8},"end":{"line":10,"column":37}},"5":{"start":{"line":13,"column":8},"end":{"line":13,"column":29}},"6":{"start":{"line":16,"column":8},"end":{"line":16,"column":31}},"7":{"start":{"line":19,"column":0},"end":{"line":19,"column":36}}},"fnMap":{"0":{"name":"(anonymous_0)","decl":{"start":{"line":5,"column":4},"end":{"line":5,"column":5}},"loc":{"start":{"line":5,"column":26},"end":{"line":8,"column":5}},"line":5},"1":{"name":"(anonymous_1)","decl":{"start":{"line":9,"column":4},"end":{"line":9,"column":5}},"loc":{"start":{"line":9,"column":29},"end":{"line":11,"column":5}},"line":9},"2":{"name":"(anonymous_2)","decl":{"start":{"line":12,"column":4},"end":{"line":12,"column":5}},"loc":{"start":{"line":12,"column":22},"end":{"line":14,"column":5}},"line":12},"3":{"name":"(anonymous_3)","decl":{"start":{"line":15,"column":4},"end":{"line":15,"column":5}},"loc":{"start":{"line":15,"column":20},"end":{"line":17,"column":5}},"line":15}},"branchMap":{},"s":{"0":1,"1":1,"2":1,"3":1,"4":1,"5":1,"6":1,"7":1},"f":{"0":1,"1":1,"2":1,"3":1},"b":{},"inputSourceMap":{"version":3,"file":"C:/projects/nodejs/volcry/src/components/ModelAndView.ts","sources":["C:/projects/nodejs/volcry/src/components/ModelAndView.ts"],"names":[],"mappings":";;;AAAA,MAAa,YAAY;IAIrB,YAAY,QAAiB;QAFrB,eAAU,GAAQ,EAAE,CAAA;QAGxB,IAAI,CAAC,QAAQ,GAAG,QAAQ,CAAA;IAC5B,CAAC;IAEM,YAAY,CAAC,GAAY,EAAE,KAAa;QAC3C,IAAI,CAAC,UAAU,CAAC,GAAG,CAAC,GAAG,KAAK,CAAC;IACjC,CAAC;IAEM,eAAe;QAClB,OAAO,IAAI,CAAC,QAAQ,CAAA;IACxB,CAAC;IAEM,aAAa;QAChB,OAAO,IAAI,CAAC,UAAU,CAAA;IAC1B,CAAC;CACJ;AAnBD,oCAmBC","sourcesContent":["export class ModelAndView{\r\n    private template : string\r\n    private attributes: any = {}\r\n    \r\n    constructor(template : string){\r\n        this.template = template\r\n    }\r\n\r\n    public addAttribute(key : string, value:unknown):void{\r\n        this.attributes[key] = value;\r\n    }\r\n\r\n    public getTemplateName() : string{\r\n        return this.template\r\n    }\r\n\r\n    public getAttributes() : any {\r\n        return this.attributes\r\n    }\r\n}"]},"_coverageSchema":"1a1c01bbd47fc00a2c39e90264f33305004495a9","hash":"cf39a58f765b495960305f0da686a29bb1d0dc5a","contentHash":"cdcae3e0f4de34bd15597fc66e373638a2ef3c233299951d74f1c4fd07f15a81"},"C:\\projects\\nodejs\\volcry\\src\\decorators\\requestmethod.decorator.ts":{"path":"C:\\projects\\nodejs\\volcry\\src\\decorators\\requestmethod.decorator.ts","statementMap":{"0":{"start":{"line":2,"column":0},"end":{"line":2,"column":62}},"1":{"start":{"line":3,"column":0},"end":{"line":3,"column":48}},"2":{"start":{"line":5,"column":0},"end":{"line":10,"column":56}},"3":{"start":{"line":6,"column":4},"end":{"line":6,"column":27}},"4":{"start":{"line":7,"column":4},"end":{"line":7,"column":29}},"5":{"start":{"line":8,"column":4},"end":{"line":8,"column":27}},"6":{"start":{"line":9,"column":4},"end":{"line":9,"column":33}},"7":{"start":{"line":12,"column":0},"end":{"line":14,"column":71}},"8":{"start":{"line":13,"column":4},"end":{"line":13,"column":34}}},"fnMap":{"0":{"name":"(anonymous_0)","decl":{"start":{"line":5,"column":1},"end":{"line":5,"column":2}},"loc":{"start":{"line":5,"column":20},"end":{"line":10,"column":1}},"line":5},"1":{"name":"(anonymous_1)","decl":{"start":{"line":12,"column":1},"end":{"line":12,"column":2}},"loc":{"start":{"line":12,"column":25},"end":{"line":14,"column":1}},"line":12}},"branchMap":{"0":{"loc":{"start":{"line":10,"column":13},"end":{"line":10,"column":54}},"type":"binary-expr","locations":[{"start":{"line":10,"column":13},"end":{"line":10,"column":28}},{"start":{"line":10,"column":33},"end":{"line":10,"column":53}}],"line":10},"1":{"loc":{"start":{"line":14,"column":18},"end":{"line":14,"column":69}},"type":"binary-expr","locations":[{"start":{"line":14,"column":18},"end":{"line":14,"column":38}},{"start":{"line":14,"column":43},"end":{"line":14,"column":68}}],"line":14}},"s":{"0":1,"1":1,"2":1,"3":1,"4":1,"5":1,"6":1,"7":1,"8":1},"f":{"0":1,"1":1},"b":{"0":[1,1],"1":[1,1]},"inputSourceMap":{"version":3,"file":"C:/projects/nodejs/volcry/src/decorators/requestmethod.decorator.ts","sources":["C:/projects/nodejs/volcry/src/decorators/requestmethod.decorator.ts"],"names":[],"mappings":";;;AAAA,IAAY,OAKX;AALD,WAAY,OAAO;IACjB,sBAAW,CAAA;IACX,wBAAa,CAAA;IACb,sBAAW,CAAA;IACX,4BAAiB,CAAA;AACnB,CAAC,EALW,OAAO,GAAP,eAAO,KAAP,eAAO,QAKlB;AAED,IAAY,YAGX;AAHD,WAAY,YAAY;IACtB,6BAAa,CAAA;AAEf,CAAC,EAHW,YAAY,GAAZ,oBAAY,KAAZ,oBAAY,QAGvB","sourcesContent":["export enum Methods {\r\n  GET = \"get\",\r\n  POST = \"post\",\r\n  PUT = \"put\",\r\n  DELETE = \"delete\"\r\n}\r\n\r\nexport enum ResponseType{\r\n  JSON = \"json\",\r\n\r\n}\r\n"]},"_coverageSchema":"1a1c01bbd47fc00a2c39e90264f33305004495a9","hash":"cf25b2c7809e015c8a9cb6590e2877934d808e60","contentHash":"e6ce10cb90b3ea33c6f61c55310c0c858414b38367010b46c817532a7bb73320"},"C:\\projects\\nodejs\\volcry\\src\\middleware\\AuthenticatedMiddleware.ts":{"path":"C:\\projects\\nodejs\\volcry\\src\\middleware\\AuthenticatedMiddleware.ts","statementMap":{"0":{"start":{"line":2,"column":0},"end":{"line":2,"column":62}},"1":{"start":{"line":3,"column":0},"end":{"line":3,"column":41}},"2":{"start":{"line":6,"column":8},"end":{"line":6,"column":31}},"3":{"start":{"line":7,"column":8},"end":{"line":7,"column":33}},"4":{"start":{"line":8,"column":8},"end":{"line":8,"column":25}},"5":{"start":{"line":9,"column":8},"end":{"line":9,"column":24}},"6":{"start":{"line":12,"column":8},"end":{"line":15,"column":67}},"7":{"start":{"line":13,"column":12},"end":{"line":13,"column":24}},"8":{"start":{"line":15,"column":12},"end":{"line":15,"column":67}},"9":{"start":{"line":18,"column":0},"end":{"line":18,"column":58}}},"fnMap":{"0":{"name":"(anonymous_0)","decl":{"start":{"line":5,"column":4},"end":{"line":5,"column":5}},"loc":{"start":{"line":5,"column":41},"end":{"line":10,"column":5}},"line":5},"1":{"name":"(anonymous_1)","decl":{"start":{"line":11,"column":4},"end":{"line":11,"column":5}},"loc":{"start":{"line":11,"column":15},"end":{"line":16,"column":5}},"line":11}},"branchMap":{"0":{"loc":{"start":{"line":12,"column":8},"end":{"line":15,"column":67}},"type":"if","locations":[{"start":{"line":12,"column":8},"end":{"line":15,"column":67}},{"start":{"line":12,"column":8},"end":{"line":15,"column":67}}],"line":12},"1":{"loc":{"start":{"line":12,"column":12},"end":{"line":12,"column":89}},"type":"binary-expr","locations":[{"start":{"line":12,"column":12},"end":{"line":12,"column":46}},{"start":{"line":12,"column":50},"end":{"line":12,"column":89}}],"line":12}},"s":{"0":1,"1":1,"2":3,"3":3,"4":3,"5":3,"6":3,"7":2,"8":1,"9":1},"f":{"0":3,"1":3},"b":{"0":[2,1],"1":[3,3]},"inputSourceMap":{"version":3,"file":"C:/projects/nodejs/volcry/src/middleware/AuthenticatedMiddleware.ts","sources":["C:/projects/nodejs/volcry/src/middleware/AuthenticatedMiddleware.ts"],"names":[],"mappings":";;;AACA,MAAa,uBAAuB;IAMhC,YAAY,OAAe,EAAE,QAAiB,EAAE,IAAiB;QAC7D,IAAI,CAAC,OAAO,GAAG,OAAO,CAAA;QACtB,IAAI,CAAC,QAAQ,GAAG,QAAQ,CAAA;QACxB,IAAI,CAAC,IAAI,GAAG,IAAI,CAAA;QAChB,IAAI,CAAC,QAAQ,EAAE,CAAA;IACnB,CAAC;IAEO,QAAQ;QACZ,IAAG,IAAI,CAAC,OAAO,CAAC,OAAO,KAAK,SAAS,IAAI,IAAI,CAAC,OAAO,CAAC,OAAQ,CAAC,IAAI,KAAI,SAAS;YAC5E,IAAI,CAAC,IAAI,EAAE,CAAA;;YAEX,IAAI,CAAC,QAAQ,CAAC,MAAM,CAAC,GAAG,CAAC,CAAC,IAAI,CAAC,sBAAsB,CAAC,CAAA;IAC9D,CAAC;CACJ;AAnBD,0DAmBC","sourcesContent":["import { NextFunction, Request, Response } from 'express';\r\nexport class AuthenticatedMiddleware {\r\n\r\n    private request:Request\r\n    private response:Response\r\n    private next:NextFunction\r\n\r\n    constructor(request:Request, response:Response, next:NextFunction){\r\n        this.request = request\r\n        this.response = response\r\n        this.next = next\r\n        this.validate()\r\n    }\r\n\r\n    private validate():void  {\r\n        if(this.request.session !== undefined && this.request.session!.user !==undefined)\r\n            this.next()\r\n        else    \r\n            this.response.status(401).send(\"UnAuthenticated User\")    \r\n    }\r\n}"]},"_coverageSchema":"1a1c01bbd47fc00a2c39e90264f33305004495a9","hash":"6e8977a820e66251ef48f12bd8a26c593b5d4108","contentHash":"f9f4990febaefea87d94a634e621f9b0f241f1ab86c3b3e059a660c62f49e90c"},"C:\\projects\\nodejs\\volcry\\src\\params\\ComponentTree.ts":{"path":"C:\\projects\\nodejs\\volcry\\src\\params\\ComponentTree.ts","statementMap":{"0":{"start":{"line":2,"column":0},"end":{"line":2,"column":62}},"1":{"start":{"line":3,"column":0},"end":{"line":3,"column":31}},"2":{"start":{"line":6,"column":0},"end":{"line":6,"column":38}},"3":{"start":{"line":7,"column":0},"end":{"line":7,"column":30}}},"fnMap":{},"branchMap":{},"s":{"0":1,"1":1,"2":1,"3":1},"f":{},"b":{},"inputSourceMap":{"version":3,"file":"C:/projects/nodejs/volcry/src/params/ComponentTree.ts","sources":["C:/projects/nodejs/volcry/src/params/ComponentTree.ts"],"names":[],"mappings":";;;AAAA,MAAa,aAAa;;AAA1B,sCAQC;AANU,wBAAU,GAAS,EAAE,CAAA","sourcesContent":["export class ComponentTree{\r\n\r\n    static components : any = {}\r\n    static controllers : any\r\n    static requestRoutes : any\r\n    static requestParameters :  any  \r\n\r\n\r\n}"]},"_coverageSchema":"1a1c01bbd47fc00a2c39e90264f33305004495a9","hash":"61ee261db0bf489f2ceaf8c525b9fa2f19a94076","contentHash":"3aa19cbc00f1fe312a965a8a58678ddea288606f26e27985c0973aaa7479984e"},"C:\\projects\\nodejs\\volcry\\example\\controllers\\HomeController.ts":{"path":"C:\\projects\\nodejs\\volcry\\example\\controllers\\HomeController.ts","statementMap":{"0":{"start":{"line":2,"column":17},"end":{"line":7,"column":1}},"1":{"start":{"line":3,"column":12},"end":{"line":3,"column":28}},"2":{"start":{"line":3,"column":34},"end":{"line":3,"column":125}},"3":{"start":{"line":4,"column":4},"end":{"line":5,"column":150}},"4":{"start":{"line":4,"column":79},"end":{"line":4,"column":131}},"5":{"start":{"line":5,"column":9},"end":{"line":5,"column":150}},"6":{"start":{"line":5,"column":22},"end":{"line":5,"column":43}},"7":{"start":{"line":5,"column":58},"end":{"line":5,"column":150}},"8":{"start":{"line":5,"column":81},"end":{"line":5,"column":150}},"9":{"start":{"line":6,"column":4},"end":{"line":6,"column":66}},"10":{"start":{"line":8,"column":17},"end":{"line":10,"column":1}},"11":{"start":{"line":9,"column":4},"end":{"line":9,"column":109}},"12":{"start":{"line":9,"column":79},"end":{"line":9,"column":109}},"13":{"start":{"line":11,"column":14},"end":{"line":13,"column":1}},"14":{"start":{"line":12,"column":4},"end":{"line":12,"column":73}},"15":{"start":{"line":12,"column":36},"end":{"line":12,"column":71}},"16":{"start":{"line":14,"column":0},"end":{"line":14,"column":62}},"17":{"start":{"line":15,"column":0},"end":{"line":15,"column":32}},"18":{"start":{"line":16,"column":14},"end":{"line":16,"column":34}},"19":{"start":{"line":17,"column":25},"end":{"line":17,"column":71}},"20":{"start":{"line":18,"column":31},"end":{"line":18,"column":83}},"21":{"start":{"line":19,"column":21},"end":{"line":53,"column":1}},"22":{"start":{"line":21,"column":8},"end":{"line":21,"column":18}},"23":{"start":{"line":27,"column":8},"end":{"line":27,"column":25}},"24":{"start":{"line":30,"column":17},"end":{"line":30,"column":48}},"25":{"start":{"line":31,"column":8},"end":{"line":31,"column":54}},"26":{"start":{"line":32,"column":8},"end":{"line":32,"column":18}},"27":{"start":{"line":35,"column":8},"end":{"line":35,"column":35}},"28":{"start":{"line":38,"column":19},"end":{"line":38,"column":50}},"29":{"start":{"line":39,"column":8},"end":{"line":39,"column":41}},"30":{"start":{"line":40,"column":8},"end":{"line":40,"column":20}},"31":{"start":{"line":43,"column":19},"end":{"line":43,"column":50}},"32":{"start":{"line":44,"column":8},"end":{"line":44,"column":41}},"33":{"start":{"line":47,"column":8},"end":{"line":47,"column":24}},"34":{"start":{"line":54,"column":0},"end":{"line":60,"column":44}},"35":{"start":{"line":61,"column":0},"end":{"line":67,"column":45}},"36":{"start":{"line":68,"column":0},"end":{"line":73,"column":44}},"37":{"start":{"line":74,"column":0},"end":{"line":79,"column":43}},"38":{"start":{"line":80,"column":0},"end":{"line":86,"column":43}},"39":{"start":{"line":87,"column":0},"end":{"line":93,"column":44}},"40":{"start":{"line":94,"column":0},"end":{"line":100,"column":43}},"41":{"start":{"line":101,"column":0},"end":{"line":106,"column":47}},"42":{"start":{"line":107,"column":0},"end":{"line":112,"column":47}},"43":{"start":{"line":113,"column":0},"end":{"line":118,"column":46}},"44":{"start":{"line":119,"column":0},"end":{"line":121,"column":19}},"45":{"start":{"line":122,"column":0},"end":{"line":122,"column":40}}},"fnMap":{"0":{"name":"(anonymous_0)","decl":{"start":{"line":2,"column":46},"end":{"line":2,"column":47}},"loc":{"start":{"line":2,"column":87},"end":{"line":7,"column":1}},"line":2},"1":{"name":"(anonymous_1)","decl":{"start":{"line":8,"column":46},"end":{"line":8,"column":47}},"loc":{"start":{"line":8,"column":62},"end":{"line":10,"column":1}},"line":8},"2":{"name":"(anonymous_2)","decl":{"start":{"line":11,"column":40},"end":{"line":11,"column":41}},"loc":{"start":{"line":11,"column":73},"end":{"line":13,"column":1}},"line":11},"3":{"name":"(anonymous_3)","decl":{"start":{"line":12,"column":11},"end":{"line":12,"column":12}},"loc":{"start":{"line":12,"column":34},"end":{"line":12,"column":73}},"line":12},"4":{"name":"(anonymous_4)","decl":{"start":{"line":20,"column":4},"end":{"line":20,"column":5}},"loc":{"start":{"line":20,"column":12},"end":{"line":22,"column":5}},"line":20},"5":{"name":"(anonymous_5)","decl":{"start":{"line":23,"column":4},"end":{"line":23,"column":5}},"loc":{"start":{"line":23,"column":13},"end":{"line":25,"column":5}},"line":23},"6":{"name":"(anonymous_6)","decl":{"start":{"line":26,"column":4},"end":{"line":26,"column":5}},"loc":{"start":{"line":26,"column":12},"end":{"line":28,"column":5}},"line":26},"7":{"name":"(anonymous_7)","decl":{"start":{"line":29,"column":4},"end":{"line":29,"column":5}},"loc":{"start":{"line":29,"column":11},"end":{"line":33,"column":5}},"line":29},"8":{"name":"(anonymous_8)","decl":{"start":{"line":34,"column":4},"end":{"line":34,"column":5}},"loc":{"start":{"line":34,"column":11},"end":{"line":36,"column":5}},"line":34},"9":{"name":"(anonymous_9)","decl":{"start":{"line":37,"column":4},"end":{"line":37,"column":5}},"loc":{"start":{"line":37,"column":12},"end":{"line":41,"column":5}},"line":37},"10":{"name":"(anonymous_10)","decl":{"start":{"line":42,"column":4},"end":{"line":42,"column":5}},"loc":{"start":{"line":42,"column":24},"end":{"line":45,"column":5}},"line":42},"11":{"name":"(anonymous_11)","decl":{"start":{"line":46,"column":4},"end":{"line":46,"column":5}},"loc":{"start":{"line":46,"column":15},"end":{"line":48,"column":5}},"line":46},"12":{"name":"(anonymous_12)","decl":{"start":{"line":49,"column":4},"end":{"line":49,"column":5}},"loc":{"start":{"line":49,"column":15},"end":{"line":50,"column":5}},"line":49},"13":{"name":"(anonymous_13)","decl":{"start":{"line":51,"column":4},"end":{"line":51,"column":5}},"loc":{"start":{"line":51,"column":14},"end":{"line":52,"column":5}},"line":51}},"branchMap":{"0":{"loc":{"start":{"line":2,"column":17},"end":{"line":7,"column":1}},"type":"binary-expr","locations":[{"start":{"line":2,"column":18},"end":{"line":2,"column":22}},{"start":{"line":2,"column":26},"end":{"line":2,"column":41}},{"start":{"line":2,"column":46},"end":{"line":7,"column":1}}],"line":2},"1":{"loc":{"start":{"line":3,"column":34},"end":{"line":3,"column":125}},"type":"cond-expr","locations":[{"start":{"line":3,"column":42},"end":{"line":3,"column":48}},{"start":{"line":3,"column":51},"end":{"line":3,"column":125}}],"line":3},"2":{"loc":{"start":{"line":3,"column":51},"end":{"line":3,"column":125}},"type":"cond-expr","locations":[{"start":{"line":3,"column":67},"end":{"line":3,"column":118}},{"start":{"line":3,"column":121},"end":{"line":3,"column":125}}],"line":3},"3":{"loc":{"start":{"line":4,"column":4},"end":{"line":5,"column":150}},"type":"if","locations":[{"start":{"line":4,"column":4},"end":{"line":5,"column":150}},{"start":{"line":4,"column":4},"end":{"line":5,"column":150}}],"line":4},"4":{"loc":{"start":{"line":4,"column":8},"end":{"line":4,"column":77}},"type":"binary-expr","locations":[{"start":{"line":4,"column":8},"end":{"line":4,"column":35}},{"start":{"line":4,"column":39},"end":{"line":4,"column":77}}],"line":4},"5":{"loc":{"start":{"line":5,"column":58},"end":{"line":5,"column":150}},"type":"if","locations":[{"start":{"line":5,"column":58},"end":{"line":5,"column":150}},{"start":{"line":5,"column":58},"end":{"line":5,"column":150}}],"line":5},"6":{"loc":{"start":{"line":5,"column":85},"end":{"line":5,"column":149}},"type":"binary-expr","locations":[{"start":{"line":5,"column":86},"end":{"line":5,"column":143}},{"start":{"line":5,"column":148},"end":{"line":5,"column":149}}],"line":5},"7":{"loc":{"start":{"line":5,"column":86},"end":{"line":5,"column":143}},"type":"cond-expr","locations":[{"start":{"line":5,"column":94},"end":{"line":5,"column":98}},{"start":{"line":5,"column":101},"end":{"line":5,"column":143}}],"line":5},"8":{"loc":{"start":{"line":5,"column":101},"end":{"line":5,"column":143}},"type":"cond-expr","locations":[{"start":{"line":5,"column":109},"end":{"line":5,"column":126}},{"start":{"line":5,"column":129},"end":{"line":5,"column":143}}],"line":5},"9":{"loc":{"start":{"line":6,"column":11},"end":{"line":6,"column":62}},"type":"binary-expr","locations":[{"start":{"line":6,"column":11},"end":{"line":6,"column":16}},{"start":{"line":6,"column":20},"end":{"line":6,"column":21}},{"start":{"line":6,"column":25},"end":{"line":6,"column":62}}],"line":6},"10":{"loc":{"start":{"line":8,"column":17},"end":{"line":10,"column":1}},"type":"binary-expr","locations":[{"start":{"line":8,"column":18},"end":{"line":8,"column":22}},{"start":{"line":8,"column":26},"end":{"line":8,"column":41}},{"start":{"line":8,"column":46},"end":{"line":10,"column":1}}],"line":8},"11":{"loc":{"start":{"line":9,"column":4},"end":{"line":9,"column":109}},"type":"if","locations":[{"start":{"line":9,"column":4},"end":{"line":9,"column":109}},{"start":{"line":9,"column":4},"end":{"line":9,"column":109}}],"line":9},"12":{"loc":{"start":{"line":9,"column":8},"end":{"line":9,"column":77}},"type":"binary-expr","locations":[{"start":{"line":9,"column":8},"end":{"line":9,"column":35}},{"start":{"line":9,"column":39},"end":{"line":9,"column":77}}],"line":9},"13":{"loc":{"start":{"line":11,"column":14},"end":{"line":13,"column":1}},"type":"binary-expr","locations":[{"start":{"line":11,"column":15},"end":{"line":11,"column":19}},{"start":{"line":11,"column":23},"end":{"line":11,"column":35}},{"start":{"line":11,"column":40},"end":{"line":13,"column":1}}],"line":11}},"s":{"0":1,"1":11,"2":11,"3":11,"4":0,"5":11,"6":11,"7":47,"8":17,"9":11,"10":1,"11":30,"12":0,"13":1,"14":2,"15":2,"16":1,"17":1,"18":1,"19":1,"20":1,"21":1,"22":1,"23":1,"24":1,"25":1,"26":1,"27":1,"28":1,"29":1,"30":1,"31":1,"32":1,"33":1,"34":1,"35":1,"36":1,"37":1,"38":1,"39":1,"40":1,"41":1,"42":1,"43":1,"44":1,"45":1},"f":{"0":11,"1":30,"2":2,"3":2,"4":1,"5":1,"6":1,"7":1,"8":1,"9":1,"10":1,"11":1,"12":1,"13":1},"b":{"0":[1,1,1],"1":[1,10],"2":[10,0],"3":[0,11],"4":[11,11],"5":[17,30],"6":[17,17],"7":[1,16],"8":[16,0],"9":[11,10,10],"10":[1,1,1],"11":[0,30],"12":[30,30],"13":[1,1,1]},"inputSourceMap":{"version":3,"file":"C:/projects/nodejs/volcry/example/controllers/HomeController.ts","sources":["C:/projects/nodejs/volcry/example/controllers/HomeController.ts"],"names":[],"mappings":";;;;;;;;;;;;;;;AAAA,mCAA6G;AAC7G,wEAAqE;AACrE,oFAAuE;AAGvE,IAAa,cAAc,GAA3B,MAAa,cAAe,SAAQ,+BAAc;IAKvC,KAAK;QACR,OAAO,EAAE,CAAA;IACb,CAAC;IAIM,MAAM;QACb,4BAA4B;IAC5B,CAAC;IAGM,KAAK;QACR,OAAO,SAAS,CAAC;IACrB,CAAC;IAGM,IAAI;QACP,IAAI,EAAE,GAAG,IAAI,kBAAY,CAAC,OAAO,CAAC,CAAA;QAClC,EAAE,CAAC,YAAY,CAAC,UAAU,EAAE,gBAAgB,CAAC,CAAA;QAC7C,OAAO,EAAE,CAAA;IACb,CAAC;IAIM,IAAI;QACP,OAAO,EAAC,IAAI,EAAE,SAAS,EAAC,CAAA;IAC5B,CAAC;IAIM,KAAK;QACR,IAAI,IAAI,GAAG,EAAC,QAAQ,EAAG,QAAQ,EAAE,EAAE,EAAG,GAAG,EAAC,CAAA;QAC1C,IAAI,CAAC,OAAO,CAAC,OAAQ,CAAC,IAAI,GAAG,IAAI,CAAA;QACjC,OAAO,IAAI,CAAA;IACf,CAAC;IAKM,IAAI,CAAwB,KAAc,EAA0B,MAAe;QACtF,IAAI,IAAI,GAAG,EAAC,QAAQ,EAAG,QAAQ,EAAE,EAAE,EAAG,GAAG,EAAC,CAAA;QAC1C,IAAI,CAAC,OAAO,CAAC,OAAQ,CAAC,IAAI,GAAG,IAAI,CAAA;IACrC,CAAC;IAGM,QAAQ;QACX,OAAO,QAAQ,CAAA;IACnB,CAAC;IAGM,QAAQ;IAEf,CAAC;IAGM,OAAO;IAEd,CAAC;CAEJ,CAAA;AA3DG;IAFC,kBAAY,EAAE;IACd,oBAAc,CAAC,EAAC,GAAG,EAAE,GAAG,EAAE,MAAM,EAAE,aAAO,CAAC,GAAG,EAAC,CAAC;;;;2CAG/C;AAID;IAFC,mBAAa,EAAE;IACf,oBAAc,CAAC,EAAC,GAAG,EAAE,eAAe,EAAE,MAAM,EAAG,aAAO,CAAC,GAAG,EAAC,CAAC;;;;4CAG5D;AAGD;IADC,oBAAc,CAAC,EAAC,GAAG,EAAE,OAAO,EAAE,MAAM,EAAG,aAAO,CAAC,GAAG,EAAC,CAAC;;;;2CAGpD;AAGD;IADC,oBAAc,CAAC,EAAC,GAAG,EAAG,MAAM,EAAE,MAAM,EAAG,aAAO,CAAC,GAAG,EAAC,CAAC;;;oCACrC,kBAAY;0CAI3B;AAID;IAFC,kBAAY,EAAE;IACd,oBAAc,CAAC,EAAC,GAAG,EAAG,MAAM,EAAE,MAAM,EAAC,aAAO,CAAC,GAAG,EAAC,CAAC;;;oCACnC,MAAM;0CAErB;AAID;IAFC,kBAAY,EAAE;IACd,oBAAc,CAAC,EAAC,GAAG,EAAG,OAAO,EAAE,MAAM,EAAC,aAAO,CAAC,IAAI,EAAC,CAAC;;;oCACpC,MAAM;2CAItB;AAKD;IADC,oBAAc,CAAC,EAAC,GAAG,EAAE,MAAM,EAAE,MAAM,EAAE,aAAO,CAAC,GAAG,EAAC,CAAC;IACtC,WAAA,kBAAY,CAAC,OAAO,CAAC,CAAA,EAAkB,WAAA,kBAAY,CAAC,QAAQ,CAAC,CAAA;;;;0CAGzE;AAGD;IADC,oBAAc,CAAC,EAAC,GAAG,EAAG,UAAU,EAAE,MAAM,EAAG,aAAO,CAAC,GAAG,EAAC,CAAC;;;;8CAGxD;AAGD;IADC,oBAAc,CAAC,EAAC,GAAG,EAAG,WAAW,EAAE,MAAM,EAAG,aAAO,CAAC,GAAG,EAAC,CAAC;;;;8CAGzD;AAGD;IADC,oBAAc,CAAC,EAAC,GAAG,EAAG,UAAU,EAAE,MAAM,EAAG,aAAO,CAAC,GAAG,EAAC,CAAC;;;;6CAGxD;AA9DQ,cAAc;IAD1B,iCAAU,EAAE;GACA,cAAc,CAgE1B;AAhEY,wCAAc","sourcesContent":["import { ResponseBody, RequestMapping, Methods, Authenticated, RequestParam, ModelAndView } from '../../src';\r\nimport { BaseController } from '../../src/components/BaseController';\r\nimport { Controller } from '../../src/decorators/controller.decorator';\r\n\r\n@Controller()\r\nexport class HomeController extends BaseController{\r\n    \r\n\r\n    @ResponseBody()\r\n    @RequestMapping({url :\"/\", method: Methods.GET})\r\n    public index() : string{\r\n        return \"\"\r\n    }\r\n\r\n    @Authenticated()\r\n    @RequestMapping({url: \"authenticated\", method : Methods.GET})\r\n    public params() : void{\r\n    //    console.log(\"Welcome\")\r\n    }\r\n\r\n    @RequestMapping({url: \"about\", method : Methods.GET})\r\n    public about():string{\r\n        return \"aboutus\";\r\n    }\r\n\r\n    @RequestMapping({url : \"view\", method : Methods.GET})\r\n    public view() : ModelAndView{\r\n        let mv = new ModelAndView(\"index\")\r\n        mv.addAttribute(\"username\", \"yusufalgorithm\")\r\n        return mv\r\n    }\r\n\r\n    @ResponseBody()\r\n    @RequestMapping({url : \"json\", method:Methods.GET})\r\n    public json() : Object{\r\n        return {body :\"welcome\"}\r\n    }\r\n\r\n    @ResponseBody()\r\n    @RequestMapping({url : \"login\", method:Methods.POST})\r\n    public login() : Object{\r\n        let user = {username : \"volcry\", id : 111}\r\n        this.request.session!.user = user\r\n        return user\r\n    }\r\n\r\n   \r\n\r\n    @RequestMapping({url :\"main\", method :Methods.GET})\r\n    public main(@RequestParam(\"param\") param : string, @RequestParam(\"param2\") param2 : string) : void{\r\n        let user = {username : \"volcry\", id : 111}\r\n        this.request.session!.user = user        \r\n    }\r\n\r\n    @RequestMapping({url : \"redirect\", method : Methods.GET})\r\n    public redirect() : string{\r\n        return \":about\"\r\n    }\r\n\r\n    @RequestMapping({url : \"test-void\", method : Methods.GET})\r\n    public testVoid() : void{\r\n\r\n    }\r\n\r\n    @RequestMapping({url : \"test-put\", method : Methods.PUT})\r\n    public testPut() : void{\r\n\r\n    }\r\n\r\n}"]},"_coverageSchema":"1a1c01bbd47fc00a2c39e90264f33305004495a9","hash":"99213a4d7276dd9af14b485dffe041d5441bca8a","contentHash":"516c44df1303304f65e72df0ced12e66e575f853d1371666f960fd05fc5eafc7"},"C:\\projects\\nodejs\\volcry\\src\\index.ts":{"path":"C:\\projects\\nodejs\\volcry\\src\\index.ts","statementMap":{"0":{"start":{"line":2,"column":0},"end":{"line":2,"column":62}},"1":{"start":{"line":3,"column":0},"end":{"line":3,"column":181}},"2":{"start":{"line":4,"column":29},"end":{"line":4,"column":73}},"3":{"start":{"line":5,"column":0},"end":{"line":5,"column":131}},"4":{"start":{"line":5,"column":84},"end":{"line":5,"column":125}},"5":{"start":{"line":6,"column":33},"end":{"line":6,"column":81}},"6":{"start":{"line":7,"column":0},"end":{"line":7,"column":143}},"7":{"start":{"line":7,"column":88},"end":{"line":7,"column":137}},"8":{"start":{"line":8,"column":32},"end":{"line":8,"column":79}},"9":{"start":{"line":9,"column":0},"end":{"line":9,"column":128}},"10":{"start":{"line":9,"column":81},"end":{"line":9,"column":122}},"11":{"start":{"line":10,"column":31},"end":{"line":10,"column":77}},"12":{"start":{"line":11,"column":0},"end":{"line":11,"column":137}},"13":{"start":{"line":11,"column":86},"end":{"line":11,"column":131}},"14":{"start":{"line":12,"column":32},"end":{"line":12,"column":79}},"15":{"start":{"line":13,"column":0},"end":{"line":13,"column":140}},"16":{"start":{"line":13,"column":87},"end":{"line":13,"column":134}},"17":{"start":{"line":14,"column":21},"end":{"line":14,"column":57}},"18":{"start":{"line":15,"column":0},"end":{"line":15,"column":127}},"19":{"start":{"line":15,"column":86},"end":{"line":15,"column":121}},"20":{"start":{"line":16,"column":31},"end":{"line":16,"column":77}},"21":{"start":{"line":17,"column":0},"end":{"line":17,"column":137}},"22":{"start":{"line":17,"column":86},"end":{"line":17,"column":131}},"23":{"start":{"line":18,"column":12},"end":{"line":18,"column":28}},"24":{"start":{"line":19,"column":0},"end":{"line":19,"column":106}},"25":{"start":{"line":19,"column":80},"end":{"line":19,"column":100}}},"fnMap":{"0":{"name":"(anonymous_0)","decl":{"start":{"line":5,"column":70},"end":{"line":5,"column":71}},"loc":{"start":{"line":5,"column":82},"end":{"line":5,"column":127}},"line":5},"1":{"name":"(anonymous_1)","decl":{"start":{"line":7,"column":74},"end":{"line":7,"column":75}},"loc":{"start":{"line":7,"column":86},"end":{"line":7,"column":139}},"line":7},"2":{"name":"(anonymous_2)","decl":{"start":{"line":9,"column":67},"end":{"line":9,"column":68}},"loc":{"start":{"line":9,"column":79},"end":{"line":9,"column":124}},"line":9},"3":{"name":"(anonymous_3)","decl":{"start":{"line":11,"column":72},"end":{"line":11,"column":73}},"loc":{"start":{"line":11,"column":84},"end":{"line":11,"column":133}},"line":11},"4":{"name":"(anonymous_4)","decl":{"start":{"line":13,"column":73},"end":{"line":13,"column":74}},"loc":{"start":{"line":13,"column":85},"end":{"line":13,"column":136}},"line":13},"5":{"name":"(anonymous_5)","decl":{"start":{"line":15,"column":72},"end":{"line":15,"column":73}},"loc":{"start":{"line":15,"column":84},"end":{"line":15,"column":123}},"line":15},"6":{"name":"(anonymous_6)","decl":{"start":{"line":17,"column":72},"end":{"line":17,"column":73}},"loc":{"start":{"line":17,"column":84},"end":{"line":17,"column":133}},"line":17},"7":{"name":"(anonymous_7)","decl":{"start":{"line":19,"column":66},"end":{"line":19,"column":67}},"loc":{"start":{"line":19,"column":78},"end":{"line":19,"column":102}},"line":19}},"branchMap":{},"s":{"0":1,"1":1,"2":1,"3":1,"4":1,"5":1,"6":1,"7":12,"8":1,"9":1,"10":12,"11":1,"12":1,"13":2,"14":1,"15":1,"16":1,"17":1,"18":1,"19":2,"20":1,"21":1,"22":5,"23":1,"24":1,"25":0},"f":{"0":1,"1":12,"2":12,"3":2,"4":1,"5":2,"6":5,"7":0},"b":{},"inputSourceMap":{"version":3,"file":"C:/projects/nodejs/volcry/src/index.ts","sources":["C:/projects/nodejs/volcry/src/index.ts"],"names":[],"mappings":";;;AAAA,0EAA+D;AAAtD,kHAAA,UAAU,OAAA;AACnB,kFAAuE;AAA9D,0HAAA,cAAc,OAAA;AACvB,gFAA+D;AAAtD,kHAAA,OAAO,OAAA;AAChB,8EAAmE;AAA1D,sHAAA,YAAY,OAAA;AACrB,gFAAqE;AAA5D,wHAAA,aAAa,OAAA;AACtB,0DAAyD;AAAhD,4GAAA,YAAY,OAAA;AACrB,8EAAmE;AAA1D,sHAAA,YAAY,OAAA;AACrB,6BAA+B;AAAtB,6FAAA,MAAM,OAAA","sourcesContent":["export { Controller } from \"./decorators/controller.decorator\";\r\nexport { RequestMapping } from \"./decorators/requestmapping.decorator\";\r\nexport { Methods } from \"./decorators/requestmethod.decorator\";\r\nexport { RequestParam } from \"./decorators/requestparam.decorator\";\r\nexport { Authenticated } from \"./decorators/authenticated.decorator\";\r\nexport { ModelAndView } from \"./components/ModelAndView\";\r\nexport { ResponseBody } from \"./decorators/responsebody.decorator\";\r\nexport { Volcry } from \"./app\";\r\n"]},"_coverageSchema":"1a1c01bbd47fc00a2c39e90264f33305004495a9","hash":"6e4ceb276da430d18a01484e18a48c00da644051","contentHash":"17b67f978eaa9861e8978d58f2ee2bb20e2714f35749f1166237a453ef277a7b"},"C:\\projects\\nodejs\\volcry\\src\\decorators\\controller.decorator.ts":{"path":"C:\\projects\\nodejs\\volcry\\src\\decorators\\controller.decorator.ts","statementMap":{"0":{"start":{"line":2,"column":0},"end":{"line":2,"column":62}},"1":{"start":{"line":3,"column":0},"end":{"line":3,"column":28}},"2":{"start":{"line":4,"column":18},"end":{"line":4,"column":36}},"3":{"start":{"line":5,"column":24},"end":{"line":5,"column":58}},"4":{"start":{"line":6,"column":15},"end":{"line":6,"column":32}},"5":{"start":{"line":8,"column":4},"end":{"line":17,"column":6}},"6":{"start":{"line":9,"column":8},"end":{"line":9,"column":58}},"7":{"start":{"line":10,"column":8},"end":{"line":10,"column":60}},"8":{"start":{"line":11,"column":31},"end":{"line":11,"column":72}},"9":{"start":{"line":12,"column":8},"end":{"line":12,"column":42}},"10":{"start":{"line":13,"column":8},"end":{"line":15,"column":9}},"11":{"start":{"line":14,"column":12},"end":{"line":14,"column":94}},"12":{"start":{"line":16,"column":8},"end":{"line":16,"column":93}},"13":{"start":{"line":19,"column":0},"end":{"line":19,"column":32}}},"fnMap":{"0":{"name":"Controller","decl":{"start":{"line":7,"column":9},"end":{"line":7,"column":19}},"loc":{"start":{"line":7,"column":34},"end":{"line":18,"column":1}},"line":7},"1":{"name":"(anonymous_1)","decl":{"start":{"line":8,"column":11},"end":{"line":8,"column":12}},"loc":{"start":{"line":8,"column":34},"end":{"line":17,"column":5}},"line":8}},"branchMap":{"0":{"loc":{"start":{"line":7,"column":20},"end":{"line":7,"column":32}},"type":"default-arg","locations":[{"start":{"line":7,"column":30},"end":{"line":7,"column":32}}],"line":7},"1":{"loc":{"start":{"line":13,"column":8},"end":{"line":15,"column":9}},"type":"if","locations":[{"start":{"line":13,"column":8},"end":{"line":15,"column":9}},{"start":{"line":13,"column":8},"end":{"line":15,"column":9}}],"line":13}},"s":{"0":1,"1":1,"2":1,"3":1,"4":1,"5":2,"6":2,"7":2,"8":2,"9":2,"10":2,"11":1,"12":2,"13":1},"f":{"0":2,"1":2},"b":{"0":[1],"1":[1,1]},"inputSourceMap":{"version":3,"file":"C:/projects/nodejs/volcry/src/decorators/controller.decorator.ts","sources":["C:/projects/nodejs/volcry/src/decorators/controller.decorator.ts"],"names":[],"mappings":";;;AAAA,qCAA4C;AAC5C,2DAAwD;AACxD,iCAAkC;AAClC,SAAgB,UAAU,CAAC,UAAe,EAAE;IAE1C,OAAO,UAAU,WAAqB;QACpC,WAAW,CAAC,SAAS,CAAC,OAAO,GAAG,iBAAO,CAAC;QACxC,WAAW,CAAC,SAAS,CAAC,QAAQ,GAAG,kBAAQ,CAAC;QAC1C,IAAI,gBAAgB,GAAG,WAAW,CAAC,IAAI,CAAC,QAAQ,EAAE,CAAC,WAAW,EAAE,CAAA;QAChE,eAAQ,CAAC,gBAAgB,CAAC,CAAA;QAC1B,IAAG,OAAO,CAAC,cAAc,CAAC,KAAK,CAAC,EAAC;YAC/B,6BAAa,CAAC,UAAU,CAAC,gBAAgB,CAAC,CAAC,QAAQ,GAAE,OAAO,CAAC,GAAG,CAAA;SACjE;QACD,6BAAa,CAAC,UAAU,CAAC,gBAAgB,CAAC,CAAC,WAAW,GAAG,WAAW,CAAA;IAEtE,CAAC,CAAC;AAGJ,CAAC;AAfD,gCAeC","sourcesContent":["import { request, response } from \"express\";\r\nimport { ComponentTree } from \"../params/ComponentTree\";\r\nimport { initTree } from './util';\r\nexport function Controller(options: any = {}) {\r\n  \r\n  return function (constructor: Function) {\r\n    constructor.prototype.request = request;\r\n    constructor.prototype.response = response;\r\n    let constructor_name = constructor.name.toString().toLowerCase()\r\n    initTree(constructor_name)\r\n    if(options.hasOwnProperty(\"url\")){\r\n      ComponentTree.components[constructor_name].base_url= options.url\r\n    }\r\n    ComponentTree.components[constructor_name].constructor = constructor\r\n    \r\n  };\r\n\r\n \r\n}\r\n"]},"_coverageSchema":"1a1c01bbd47fc00a2c39e90264f33305004495a9","hash":"2f5c8142c3094268e1aad47be26e24fd06cc9ef1","contentHash":"4504fca9b2bdd671cea40693060e29dca0b14e1d8e41916ed7fa79d7a7580695"},"C:\\projects\\nodejs\\volcry\\src\\decorators\\util.ts":{"path":"C:\\projects\\nodejs\\volcry\\src\\decorators\\util.ts","statementMap":{"0":{"start":{"line":2,"column":0},"end":{"line":2,"column":62}},"1":{"start":{"line":3,"column":0},"end":{"line":3,"column":26}},"2":{"start":{"line":4,"column":24},"end":{"line":4,"column":60}},"3":{"start":{"line":6,"column":4},"end":{"line":11,"column":5}},"4":{"start":{"line":7,"column":8},"end":{"line":10,"column":10}},"5":{"start":{"line":12,"column":4},"end":{"line":13,"column":15}},"6":{"start":{"line":13,"column":8},"end":{"line":13,"column":15}},"7":{"start":{"line":14,"column":4},"end":{"line":15,"column":87}},"8":{"start":{"line":15,"column":8},"end":{"line":15,"column":87}},"9":{"start":{"line":17,"column":0},"end":{"line":17,"column":28}}},"fnMap":{"0":{"name":"initTree","decl":{"start":{"line":5,"column":9},"end":{"line":5,"column":17}},"loc":{"start":{"line":5,"column":48},"end":{"line":16,"column":1}},"line":5}},"branchMap":{"0":{"loc":{"start":{"line":5,"column":30},"end":{"line":5,"column":46}},"type":"default-arg","locations":[{"start":{"line":5,"column":44},"end":{"line":5,"column":46}}],"line":5},"1":{"loc":{"start":{"line":6,"column":4},"end":{"line":11,"column":5}},"type":"if","locations":[{"start":{"line":6,"column":4},"end":{"line":11,"column":5}},{"start":{"line":6,"column":4},"end":{"line":11,"column":5}}],"line":6},"2":{"loc":{"start":{"line":12,"column":4},"end":{"line":13,"column":15}},"type":"if","locations":[{"start":{"line":12,"column":4},"end":{"line":13,"column":15}},{"start":{"line":12,"column":4},"end":{"line":13,"column":15}}],"line":12},"3":{"loc":{"start":{"line":12,"column":8},"end":{"line":12,"column":53}},"type":"binary-expr","locations":[{"start":{"line":12,"column":8},"end":{"line":12,"column":25}},{"start":{"line":12,"column":29},"end":{"line":12,"column":53}}],"line":12},"4":{"loc":{"start":{"line":14,"column":4},"end":{"line":15,"column":87}},"type":"if","locations":[{"start":{"line":14,"column":4},"end":{"line":15,"column":87}},{"start":{"line":14,"column":4},"end":{"line":15,"column":87}}],"line":14}},"s":{"0":1,"1":1,"2":1,"3":22,"4":2,"5":22,"6":2,"7":20,"8":12,"9":1},"f":{"0":22},"b":{"0":[2],"1":[2,20],"2":[2,20],"3":[22,20],"4":[12,8]},"inputSourceMap":{"version":3,"file":"C:/projects/nodejs/volcry/src/decorators/util.ts","sources":["C:/projects/nodejs/volcry/src/decorators/util.ts"],"names":[],"mappings":";;;AAAA,6DAA0D;AAC1D,SAAgB,QAAQ,CAAC,UAAmB,EAAE,cAAuB,EAAE;IACnE,IAAI,CAAC,6BAAa,CAAC,UAAU,CAAC,cAAc,CAAC,UAAU,CAAC,EAAE;QACtD,6BAAa,CAAC,UAAU,CAAC,UAAU,CAAC,GAAG;YACnC,QAAQ,EAAE,IAAI;YACd,OAAO,EAAE,EAAE;SACd,CAAC;KACL;IACD,IAAI,WAAW,IAAI,EAAE,IAAI,WAAW,IAAI,SAAS;QAC7C,OAAO;IACX,IAAI,6BAAa,CAAC,UAAU,CAAC,UAAU,CAAC,CAAC,OAAO,CAAC,WAAW,CAAC,IAAI,SAAS;QACtE,6BAAa,CAAC,UAAU,CAAC,UAAU,CAAC,CAAC,OAAO,CAAC,WAAW,CAAC,GAAG,EAAE,CAAC;AACvE,CAAC;AAXD,4BAWC","sourcesContent":["import { ComponentTree } from './../params/ComponentTree';\r\nexport function initTree(class_name : string, method_name : string = \"\") {\r\n    if (!ComponentTree.components.hasOwnProperty(class_name)) {\r\n        ComponentTree.components[class_name] = {\r\n            base_url: null,\r\n            methods: []\r\n        };\r\n    }\r\n    if (method_name == \"\" || method_name == undefined)\r\n        return;\r\n    if (ComponentTree.components[class_name].methods[method_name] == undefined)\r\n        ComponentTree.components[class_name].methods[method_name] = {};\r\n}"]},"_coverageSchema":"1a1c01bbd47fc00a2c39e90264f33305004495a9","hash":"fb9d3f07107c1d165e57e8c32d1b6cb48d35d7cc","contentHash":"064ba842a4cf1253ee67ec254679e78131b56af035df553da7fa4ca9446795a5"},"C:\\projects\\nodejs\\volcry\\src\\decorators\\requestmapping.decorator.ts":{"path":"C:\\projects\\nodejs\\volcry\\src\\decorators\\requestmapping.decorator.ts","statementMap":{"0":{"start":{"line":2,"column":0},"end":{"line":2,"column":62}},"1":{"start":{"line":3,"column":0},"end":{"line":3,"column":32}},"2":{"start":{"line":4,"column":24},"end":{"line":4,"column":58}},"3":{"start":{"line":5,"column":15},"end":{"line":5,"column":32}},"4":{"start":{"line":7,"column":14},"end":{"line":7,"column":25}},"5":{"start":{"line":8,"column":17},"end":{"line":8,"column":31}},"6":{"start":{"line":9,"column":4},"end":{"line":21,"column":6}},"7":{"start":{"line":10,"column":25},"end":{"line":10,"column":62}},"8":{"start":{"line":11,"column":26},"end":{"line":11,"column":51}},"9":{"start":{"line":12,"column":8},"end":{"line":12,"column":49}},"10":{"start":{"line":13,"column":8},"end":{"line":13,"column":111}},"11":{"start":{"line":14,"column":8},"end":{"line":14,"column":111}},"12":{"start":{"line":15,"column":8},"end":{"line":15,"column":142}},"13":{"start":{"line":16,"column":8},"end":{"line":16,"column":98}}
[...]
O,CAAC,aAAa,CAAA;SAChG;IAEH,CAAC,CAAC;AACJ,CAAC;AAxBD,wCAwBC;AAED,IAAI,cAAc,GAAG,kCAAkC,CAAC;AACxD,IAAI,cAAc,GAAG,YAAY,CAAC;AAClC,SAAS,aAAa,CAAC,IAAc;IACnC,IAAI,KAAK,GAAG,IAAI,CAAC,QAAQ,EAAE,CAAC,OAAO,CAAC,cAAc,EAAE,EAAE,CAAC,CAAC;IACxD,IAAI,MAAM,GAAG,KAAK;SACf,KAAK,CAAC,KAAK,CAAC,OAAO,CAAC,GAAG,CAAC,GAAG,CAAC,EAAE,KAAK,CAAC,OAAO,CAAC,GAAG,CAAC,CAAC;SACjD,KAAK,CAAC,cAAc,CAAC,CAAC;IACzB,IAAI,MAAM,KAAK,IAAI;QAAE,MAAM,GAAG,EAAE,CAAC;IACjC,OAAO,MAAM,CAAC;AAChB,CAAC","sourcesContent":["import { ComponentTree } from '../params/ComponentTree';\r\nimport { RequestOptions } from './requestmapping.options';\r\nimport { Methods } from \"./requestmethod.decorator\";\r\nimport { initTree } from \"./util\";\r\nexport function RequestMapping(options : RequestOptions) {\r\n  \r\n      \r\n  let url = options.url\r\n  let method = options.method\r\n  \r\n\r\n  return (target: any, propertyKey: string, descriptor: PropertyDescriptor) => {\r\n    \r\n    let class_name : string = target.constructor.name.toLowerCase()  \r\n    let method_name : string = propertyKey.toLowerCase()\r\n    initTree(class_name, method_name)\r\n    ComponentTree.components[class_name].methods[method_name].url = url.replace(/\\/$/, \"\");\r\n    ComponentTree.components[class_name].methods[method_name].action = target[propertyKey]\r\n    ComponentTree.components[class_name].methods[method_name].parameter_count = getParamNames(target[propertyKey]).length\r\n    ComponentTree.components[class_name].methods[method_name].method = method\r\n    ComponentTree.components[class_name].methods[method_name].name = propertyKey\r\n\r\n\r\n    if(options.authenticated!==undefined){\r\n      ComponentTree.components[class_name].methods[method_name].authenticated = options.authenticated\r\n    }\r\n\r\n  };\r\n}\r\n\r\nvar STRIP_COMMENTS = /((\\/\\/.*$)|(\\/\\*[\\s\\S]*?\\*\\/))/gm;\r\nvar ARGUMENT_NAMES = /([^\\s,]+)/g;\r\nfunction getParamNames(func: Function) {\r\n  var fnStr = func.toString().replace(STRIP_COMMENTS, \"\");\r\n  var result = fnStr\r\n    .slice(fnStr.indexOf(\"(\") + 1, fnStr.indexOf(\")\"))\r\n    .match(ARGUMENT_NAMES);\r\n  if (result === null) result = [];\r\n  return result;\r\n}\r\n"]},"_coverageSchema":"1a1c01bbd47fc00a2c39e90264f33305004495a9","hash":"d9011308588b917b4d59c54b99c4bee6d7d7f79b","contentHash":"ca72f31c592e66beb64b45debc6310b43a52a18db8ccf18d1e33b9b89f378591"},"C:\\projects\\nodejs\\volcry\\src\\decorators\\requestparam.decorator.ts":{"path":"C:\\projects\\nodejs\\volcry\\src\\decorators\\requestparam.decorator.ts","statementMap":{"0":{"start":{"line":2,"column":0},"end":{"line":2,"column":62}},"1":{"start":{"line":3,"column":0},"end":{"line":3,"column":30}},"2":{"start":{"line":4,"column":24},"end":{"line":4,"column":60}},"3":{"start":{"line":5,"column":15},"end":{"line":5,"column":32}},"4":{"start":{"line":7,"column":4},"end":{"line":17,"column":6}},"5":{"start":{"line":8,"column":25},"end":{"line":8,"column":62}},"6":{"start":{"line":9,"column":26},"end":{"line":9,"column":62}},"7":{"start":{"line":10,"column":8},"end":{"line":10,"column":49}},"8":{"start":{"line":11,"column":8},"end":{"line":12,"column":98}},"9":{"start":{"line":12,"column":12},"end":{"line":12,"column":98}},"10":{"start":{"line":13,"column":8},"end":{"line":16,"column":11}},"11":{"start":{"line":19,"column":0},"end":{"line":19,"column":36}}},"fnMap":{"0":{"name":"RequestParam","decl":{"start":{"line":6,"column":9},"end":{"line":6,"column":21}},"loc":{"start":{"line":6,"column":33},"end":{"line":18,"column":1}},"line":6},"1":{"name":"(anonymous_1)","decl":{"start":{"line":7,"column":11},"end":{"line":7,"column":12}},"loc":{"start":{"line":7,"column":58},"end":{"line":17,"column":5}},"line":7}},"branchMap":{"0":{"loc":{"start":{"line":11,"column":8},"end":{"line":12,"column":98}},"type":"if","locations":[{"start":{"line":11,"column":8},"end":{"line":12,"column":98}},{"start":{"line":11,"column":8},"end":{"line":12,"column":98}}],"line":11}},"s":{"0":1,"1":1,"2":1,"3":1,"4":2,"5":2,"6":2,"7":2,"8":2,"9":1,"10":2,"11":1},"f":{"0":2,"1":2},"b":{"0":[1,1]},"inputSourceMap":{"version":3,"file":"C:/projects/nodejs/volcry/src/decorators/requestparam.decorator.ts","sources":["C:/projects/nodejs/volcry/src/decorators/requestparam.decorator.ts"],"names":[],"mappings":";;;AAAA,6DAA0D;AAC1D,iCAAkC;AAClC,SAAgB,YAAY,CAAC,SAAkB;IAC3C,OAAO,UAAS,MAAY,EAAE,WAA6B,EAAE,cAAuB;QAChF,IAAI,UAAU,GAAG,MAAM,CAAC,WAAW,CAAC,IAAI,CAAC,WAAW,EAAE,CAAA;QACtD,IAAI,WAAW,GAAG,WAAW,CAAC,QAAQ,EAAE,CAAC,WAAW,EAAE,CAAA;QACtD,eAAQ,CAAC,UAAU,EAAE,WAAW,CAAC,CAAA;QACjC,IAAG,CAAC,6BAAa,CAAC,UAAU,CAAC,UAAU,CAAC,CAAC,OAAO,CAAC,WAAW,CAAC,CAAC,cAAc,CAAC,QAAQ,CAAC;YAClF,6BAAa,CAAC,UAAU,CAAC,UAAU,CAAC,CAAC,OAAO,CAAC,WAAW,CAAC,CAAC,MAAM,GAAG,EAAE,CAAA;QAEzE,6BAAa,CAAC,UAAU,CAAC,UAAU,CAAC,CAAC,OAAO,CAAC,WAAW,CAAC,CAAC,MAAM,CAAC,IAAI,CAAC;YAClE,MAAM,EAAG,SAAS;YAClB,OAAO,EAAG,cAAc;SAC3B,CAAC,CAAA;IAEN,CAAC,CAAA;AACL,CAAC;AAdD,oCAcC","sourcesContent":["import { ComponentTree } from './../params/ComponentTree';\r\nimport { initTree } from './util';\r\nexport function RequestParam(paramName : string){\r\n    return function(target : any, propertyKey : string | symbol, parameterIndex : number){\r\n        let class_name = target.constructor.name.toLowerCase()\r\n        let method_name = propertyKey.toString().toLowerCase()\r\n        initTree(class_name, method_name)\r\n        if(!ComponentTree.components[class_name].methods[method_name].hasOwnProperty(\"params\"))\r\n            ComponentTree.components[class_name].methods[method_name].params = []\r\n            \r\n        ComponentTree.components[class_name].methods[method_name].params.push({\r\n            \"name\" : paramName,\r\n            \"index\" : parameterIndex\r\n        })\r\n\r\n    }\r\n}"]},"_coverageSchema":"1a1c01bbd47fc00a2c39e90264f33305004495a9","hash":"995d1198405f08531d22cf436b02532bdbd96e83","contentHash":"d33df2d74953743a1ca8b5e4ed4f005c14b9eb4e6466346911b35edc325f66df"},"C:\\projects\\nodejs\\volcry\\src\\decorators\\authenticated.decorator.ts":{"path":"C:\\projects\\nodejs\\volcry\\src\\decorators\\authenticated.decorator.ts","statementMap":{"0":{"start":{"line":2,"column":0},"end":{"line":2,"column":62}},"1":{"start":{"line":3,"column":0},"end":{"line":3,"column":31}},"2":{"start":{"line":4,"column":24},"end":{"line":4,"column":58}},"3":{"start":{"line":5,"column":15},"end":{"line":5,"column":32}},"4":{"start":{"line":7,"column":4},"end":{"line":12,"column":6}},"5":{"start":{"line":8,"column":25},"end":{"line":8,"column":62}},"6":{"start":{"line":9,"column":26},"end":{"line":9,"column":51}},"7":{"start":{"line":10,"column":8},"end":{"line":10,"column":49}},"8":{"start":{"line":11,"column":8},"end":{"line":11,"column":103}},"9":{"start":{"line":14,"column":0},"end":{"line":14,"column":38}}},"fnMap":{"0":{"name":"Authenticated","decl":{"start":{"line":6,"column":9},"end":{"line":6,"column":22}},"loc":{"start":{"line":6,"column":25},"end":{"line":13,"column":1}},"line":6},"1":{"name":"(anonymous_1)","decl":{"start":{"line":7,"column":11},"end":{"line":7,"column":12}},"loc":{"start":{"line":7,"column":48},"end":{"line":12,"column":5}},"line":7}},"branchMap":{},"s":{"0":1,"1":1,"2":1,"3":1,"4":1,"5":1,"6":1,"7":1,"8":1,"9":1},"f":{"0":1,"1":1},"b":{},"inputSourceMap":{"version":3,"file":"C:/projects/nodejs/volcry/src/decorators/authenticated.decorator.ts","sources":["C:/projects/nodejs/volcry/src/decorators/authenticated.decorator.ts"],"names":[],"mappings":";;;AAAA,2DAAuD;AACvD,iCAAiC;AAEjC,SAAgB,aAAa;IACzB,OAAO,CAAC,MAAY,EAAE,WAAoB,EAAE,UAA+B,EAAE,EAAE;QAC3E,IAAI,UAAU,GAAY,MAAM,CAAC,WAAW,CAAC,IAAI,CAAC,WAAW,EAAE,CAAA;QAC/D,IAAI,WAAW,GAAY,WAAW,CAAC,WAAW,EAAE,CAAA;QACpD,eAAQ,CAAC,UAAU,EAAE,WAAW,CAAC,CAAA;QACjC,6BAAa,CAAC,UAAU,CAAC,UAAU,CAAC,CAAC,OAAO,CAAC,WAAW,CAAC,CAAC,aAAa,GAAG,IAAI,CAAA;IAElF,CAAC,CAAA;AACL,CAAC;AARD,sCAQC","sourcesContent":["import { ComponentTree } from \"../params/ComponentTree\"\r\nimport { initTree } from \"./util\"\r\n\r\nexport function Authenticated(){\r\n    return (target : any, propertyKey : string, descriptor : PropertyDescriptor) =>{\r\n        let class_name : string = target.constructor.name.toLowerCase()  \r\n        let method_name : string = propertyKey.toLowerCase()\r\n        initTree(class_name, method_name)\r\n        ComponentTree.components[class_name].methods[method_name].authenticated = true\r\n\r\n    }\r\n}"]},"_coverageSchema":"1a1c01bbd47fc00a2c39e90264f33305004495a9","hash":"8cbeedf9fe2c44e8db61a4df07982b5e473e7762","contentHash":"32262a33aae50237a7f18cb8adf0c27b171b532b22bbc2f889878f33fa8be542"},"C:\\projects\\nodejs\\volcry\\src\\decorators\\responsebody.decorator.ts":{"path":"C:\\projects\\nodejs\\volcry\\src\\decorators\\responsebody.decorator.ts","statementMap":{"0":{"start":{"line":2,"column":0},"end":{"line":2,"column":62}},"1":{"start":{"line":3,"column":0},"end":{"line":3,"column":30}},"2":{"start":{"line":4,"column":34},"end":{"line":4,"column":70}},"3":{"start":{"line":5,"column":24},"end":{"line":5,"column":58}},"4":{"start":{"line":6,"column":15},"end":{"line":6,"column":32}},"5":{"start":{"line":8,"column":4},"end":{"line":13,"column":6}},"6":{"start":{"line":9,"column":25},"end":{"line":9,"column":62}},"7":{"start":{"line":10,"column":26},"end":{"line":10,"column":51}},"8":{"start":{"line":11,"column":8},"end":{"line":11,"column":49}},"9":{"start":{"line":12,"column":8},"end":{"line":12,"column":142}},"10":{"start":{"line":15,"column":0},"end":{"line":15,"column":36}}},"fnMap":{"0":{"name":"ResponseBody","decl":{"start":{"line":7,"column":9},"end":{"line":7,"column":21}},"loc":{"start":{"line":7,"column":24},"end":{"line":14,"column":1}},"line":7},"1":{"name":"(anonymous_1)","decl":{"start":{"line":8,"column":11},"end":{"line":8,"column":12}},"loc":{"start":{"line":8,"column":48},"end":{"line":13,"column":5}},"line":8}},"branchMap":{},"s":{"0":1,"1":1,"2":1,"3":1,"4":1,"5":5,"6":5,"7":5,"8":5,"9":5,"10":1},"f":{"0":5,"1":5},"b":{},"inputSourceMap":{"version":3,"file":"C:/projects/nodejs/volcry/src/decorators/responsebody.decorator.ts","sources":["C:/projects/nodejs/volcry/src/decorators/responsebody.decorator.ts"],"names":[],"mappings":";;;AAAA,uEAAyD;AACzD,2DAAwD;AACxD,iCAAkC;AAElC,SAAgB,YAAY;IAGxB,OAAO,CAAC,MAAW,EAAE,WAAmB,EAAE,UAA8B,EAAE,EAAE;QAE1E,IAAI,UAAU,GAAY,MAAM,CAAC,WAAW,CAAC,IAAI,CAAC,WAAW,EAAE,CAAA;QAC/D,IAAI,WAAW,GAAY,WAAW,CAAC,WAAW,EAAE,CAAA;QACpD,eAAQ,CAAC,UAAU,EAAE,WAAW,CAAC,CAAA;QACjC,6BAAa,CAAC,UAAU,CAAC,UAAU,CAAC,CAAC,OAAO,CAAC,WAAW,CAAC,CAAC,aAAa,GAAG,sCAAY,CAAC,IAAI,CAAA;IAE7F,CAAC,CAAC;AACJ,CAAC;AAXH,oCAWG","sourcesContent":["import { ResponseType } from './requestmethod.decorator';\r\nimport { ComponentTree } from \"../params/ComponentTree\";\r\nimport { initTree } from \"./util\";\r\n\r\nexport function ResponseBody() {\r\n   \r\n  \r\n    return (target: any, propertyKey: string, descriptor: PropertyDescriptor) => {\r\n      \r\n      let class_name : string = target.constructor.name.toLowerCase()  \r\n      let method_name : string = propertyKey.toLowerCase()\r\n      initTree(class_name, method_name)\r\n      ComponentTree.components[class_name].methods[method_name].response_type = ResponseType.JSON\r\n  \r\n    };\r\n  }"]},"_coverageSchema":"1a1c01bbd47fc00a2c39e90264f33305004495a9","hash":"f92744132ab8da814f48ba305922db9b3177b3d2","contentHash":"b1be2682157938e329ede734f58f4ae891020301c1ee885ddad9cc1857f206e8"},"C:\\projects\\nodejs\\volcry\\src\\components\\BaseController.ts":{"path":"C:\\projects\\nodejs\\volcry\\src\\components\\BaseController.ts","statementMap":{"0":{"start":{"line":2,"column":0},"end":{"line":2,"column":62}},"1":{"start":{"line":3,"column":0},"end":{"line":3,"column":32}},"2":{"start":{"line":6,"column":0},"end":{"line":6,"column":40}}},"fnMap":{},"branchMap":{},"s":{"0":1,"1":1,"2":1},"f":{},"b":{},"inputSourceMap":{"version":3,"file":"C:/projects/nodejs/volcry/src/components/BaseController.ts","sources":["C:/projects/nodejs/volcry/src/components/BaseController.ts"],"names":[],"mappings":";;;AAEA,MAAa,cAAc;CAG1B;AAHD,wCAGC","sourcesContent":["import { Request, Response } from 'express';\r\n\r\nexport class BaseController{\r\n    public request!: Request\r\n    protected response? : Response\r\n}"]},"_coverageSchema":"1a1c01bbd47fc00a2c39e90264f33305004495a9","hash":"8443695ba67ba8ea897febb405c3771277a09edd","contentHash":"2590d0cc3642f84eb0cd027ee690ffcf2faad88dde44b5f6292949530dd5b3c0"},"C:\\projects\\nodejs\\volcry\\example\\controllers\\MountedPointController.ts":{"path":"C:\\projects\\nodejs\\volcry\\example\\controllers\\MountedPointController.ts","statementMap":{"0":{"start":{"line":2,"column":17},"end":{"line":7,"column":1}},"1":{"start":{"line":3,"column":12},"end":{"line":3,"column":28}},"2":{"start":{"line":3,"column":34},"end":{"line":3,"column":125}},"3":{"start":{"line":4,"column":4},"end":{"line":5,"column":150}},"4":{"start":{"line":4,"column":79},"end":{"line":4,"column":131}},"5":{"start":{"line":5,"column":9},"end":{"line":5,"column":150}},"6":{"start":{"line":5,"column":22},"end":{"line":5,"column":43}},"7":{"start":{"line":5,"column":58},"end":{"line":5,"column":150}},"8":{"start":{"line":5,"column":81},"end":{"line":5,"column":150}},"9":{"start":{"line":6,"column":4},"end":{"line":6,"column":66}},"10":{"start":{"line":8,"column":17},"end":{"line":10,"column":1}},"11":{"start":{"line":9,"column":4},"end":{"line":9,"column":109}},"12":{"start":{"line":9,"column":79},"end":{"line":9,"column":109}},"13":{"start":{"line":11,"column":0},"end":{"line":11,"column":62}},"14":{"start":{"line":12,"column":0},"end":{"line":12,"column":40}},"15":{"start":{"line":13,"column":14},"end":{"line":13,"column":34}},"16":{"start":{"line":14,"column":29},"end":{"line":21,"column":1}},"17":{"start":{"line":16,"column":8},"end":{"line":16,"column":36}},"18":{"start":{"line":19,"column":8},"end":{"line":19,"column":27}},"19":{"start":{"line":22,"column":0},"end":{"line":28,"column":52}},"20":{"start":{"line":29,"column":0},"end":{"line":35,"column":77}},"21":{"start":{"line":36,"column":0},"end":{"line":40,"column":27}},"22":{"start":{"line":41,"column":0},"end":{"line":41,"column":56}}},"fnMap":{"0":{"name":"(anonymous_0)","decl":{"start":{"line":2,"column":46},"end":{"line":2,"column":47}},"loc":{"start":{"line":2,"column":87},"end":{"line":7,"column":1}},"line":2},"1":{"name":"(anonymous_1)","decl":{"start":{"line":8,"column":46},"end":{"line":8,"column":47}},"loc":{"start":{"line":8,"column":62},"end":{"line":10,"column":1}},"line":8},"2":{"name":"(anonymous_2)","decl":{"start":{"line":15,"column":4},"end":{"line":15,"column":5}},"loc":{"start":{"line":15,"column":12},"end":{"line":17,"column":5}},"line":15},"3":{"name":"(anonymous_3)","decl":{"start":{"line":18,"column":4},"end":{"line":18,"column":5}},"loc":{"start":{"line":18,"column":37},"end":{"line":20,"column":5}},"line":18}},"branchMap":{"0":{"loc":{"start":{"line":2,"column":17},"end":{"line":7,"column":1}},"type":"binary-expr","locations":[{"start":{"line":2,"column":18},"end":{"line":2,"column":22}},{"start":{"line":2,"column":26},"end":{"line":2,"column":41}},{"start":{"line":2,"column":46},"end":{"line":7,"column":1}}],"line":2},"1":{"loc":{"start":{"line":3,"column":34},"end":{"line":3,"column":125}},"type":"cond-expr","locations":[{"start":{"line":3,"column":42},"end":{"line":3,"column":48}},{"start":{"line":3,"column":51},"end":{"line":3,"column":125}}],"line":3},"2":{"loc":{"start":{"line":3,"column":51},"end":{"line":3,"column":125}},"type":"cond-expr","locations":[{"start":{"line":3,"column":67},"end":{"line":3,"column":118}},{"start":{"line":3,"column":121},"end":{"line":3,"column":125}}],"line":3},"3":{"loc":{"start":{"line":4,"column":4},"end":{"line":5,"column":150}},"type":"if","locations":[{"start":{"line":4,"column":4},"end":{"line":5,"column":150}},{"start":{"line":4,"column":4},"end":{"line":5,"column":150}}],"line":4},"4":{"loc":{"start":{"line":4,"column":8},"end":{"line":4,"column":77}},"type":"binary-expr","locations":[{"start":{"line":4,"column":8},"end":{"line":4,"column":35}},{"start":{"line":4,"column":39},"end":{"line":4,"column":77}}],"line":4},"5":{"loc":{"start":{"line":5,"column":58},"end":{"line":5,"column":150}},"type":"if","locations":[{"start":{"line":5,"column":58},"end":{"line":5,"column":150}},{"start":{"line":5,"column":58},"end":{"line":5,"column":150}}],"line":5},"6":{"loc":{"start":{"line":5,"column":85},"end":{"line":5,"column":149}},"type":"binary-expr","locations":[{"start":{"line":5,"column":86},"end":{"line":5,"column":143}},{"start":{"line":5,"column":148},"end":{"line":5,"column":149}}],"line":5},"7":{"loc":{"start":{"line":5,"column":86},"end":{"line":5,"column":143}},"type":"cond-expr","locations":[{"start":{"line":5,"column":94},"end":{"line":5,"column":98}},{"start":{"line":5,"column":101},"end":{"line":5,"column":143}}],"line":5},"8":{"loc":{"start":{"line":5,"column":101},"end":{"line":5,"column":143}},"type":"cond-expr","locations":[{"start":{"line":5,"column":109},"end":{"line":5,"column":126}},{"start":{"line":5,"column":129},"end":{"line":5,"column":143}}],"line":5},"9":{"loc":{"start":{"line":6,"column":11},"end":{"line":6,"column":62}},"type":"binary-expr","locations":[{"start":{"line":6,"column":11},"end":{"line":6,"column":16}},{"start":{"line":6,"column":20},"end":{"line":6,"column":21}},{"start":{"line":6,"column":25},"end":{"line":6,"column":62}}],"line":6},"10":{"loc":{"start":{"line":8,"column":17},"end":{"line":10,"column":1}},"type":"binary-expr","locations":[{"start":{"line":8,"column":18},"end":{"line":8,"column":22}},{"start":{"line":8,"column":26},"end":{"line":8,"column":41}},{"start":{"line":8,"column":46},"end":{"line":10,"column":1}}],"line":8},"11":{"loc":{"start":{"line":9,"column":4},"end":{"line":9,"column":109}},"type":"if","locations":[{"start":{"line":9,"column":4},"end":{"line":9,"column":109}},{"start":{"line":9,"column":4},"end":{"line":9,"column":109}}],"line":9},"12":{"loc":{"start":{"line":9,"column":8},"end":{"line":9,"column":77}},"type":"binary-expr","locations":[{"start":{"line":9,"column":8},"end":{"line":9,"column":35}},{"start":{"line":9,"column":39},"end":{"line":9,"column":77}}],"line":9}},"s":{"0":1,"1":3,"2":3,"3":3,"4":0,"5":3,"6":3,"7":11,"8":5,"9":3,"10":1,"11":6,"12":0,"13":1,"14":1,"15":1,"16":1,"17":1,"18":1,"19":1,"20":1,"21":1,"22":1},"f":{"0":3,"1":6,"2":1,"3":1},"b":{"0":[1,1,1],"1":[1,2],"2":[2,0],"3":[0,3],"4":[3,3],"5":[5,6],"6":[5,5],"7":[1,4],"8":[4,0],"9":[3,2,2],"10":[1,1,1],"11":[0,6],"12":[6,6]},"inputSourceMap":{"version":3,"file":"C:/projects/nodejs/volcry/example/controllers/MountedPointController.ts","sources":["C:/projects/nodejs/volcry/example/controllers/MountedPointController.ts"],"names":[],"mappings":";;;;;;;;;;;;AAAA,mCAA8E;AAK9E,IAAa,sBAAsB,GAAnC,MAAa,sBAAsB;IAIxB,KAAK;QACR,OAAO,oBAAoB,CAAA;IAC/B,CAAC;IAIM,8BAA8B;QACjC,OAAO,WAAW,CAAA;IACtB,CAAC;CACJ,CAAA;AATG;IAFC,oBAAc,CAAC,EAAC,GAAG,EAAG,OAAO,EAAE,MAAM,EAAG,aAAO,CAAC,GAAG,EAAC,CAAC;IACrD,kBAAY,EAAE;;;;mDAGd;AAID;IAFC,kBAAY,EAAE;IACd,oBAAc,CAAC,EAAC,GAAG,EAAG,WAAW,EAAE,MAAM,EAAG,aAAO,CAAC,GAAG,EAAE,aAAa,EAAG,IAAI,EAAC,CAAC;;;;4EAG/E;AAZQ,sBAAsB;IAHlC,gBAAU,CAAC;QACR,GAAG,EAAG,SAAS;KAClB,CAAC;GACW,sBAAsB,CAalC;AAbY,wDAAsB","sourcesContent":["import { Controller, Methods, RequestMapping, ResponseBody } from \"../../src\";\r\n\r\n@Controller({\r\n    url : \"mounted\"\r\n})\r\nexport class MountedPointController{\r\n\r\n    @RequestMapping({url : \"index\", method : Methods.GET})\r\n    @ResponseBody()\r\n    public index() : string{\r\n        return \"mounted controller\"\r\n    }\r\n\r\n    @ResponseBody()\r\n    @RequestMapping({url : \"self-auth\", method : Methods.GET, authenticated : true})\r\n    public selfAuthWithRequestMappingFlag():string{\r\n        return \"self-auth\"\r\n    }\r\n}"]},"_coverageSchema":"1a1c01bbd47fc00a2c39e90264f33305004495a9","hash":"3921a22bf4ce54d49b31647e4f0279c66bab9365","contentHash":"909e61a3eac9688bc260f5357b3934425fbf615d6ddf1b8ecf6f0d03e421ae95"}}